[NX Daemon Server] - 2023-12-30T06:48:56.777Z - Started listening on: /var/folders/69/9mb0l08j2v1bdfbw_n2ysrvm0000gp/T/fa0a6183b0e93f124149/d.sock
[NX Daemon Server] - 2023-12-30T06:48:56.778Z - [WATCHER]: Subscribed to changes within: /Users/robertfoerder1/Documents/Finance-App/finance-fe-nx (native)
[NX Daemon Server] - 2023-12-30T06:48:56.788Z - Established a connection. Number of open connections: 1
[NX Daemon Server] - 2023-12-30T06:48:56.789Z - Established a connection. Number of open connections: 2
[NX Daemon Server] - 2023-12-30T06:48:56.789Z - Closed a connection. Number of open connections: 1
[NX Daemon Server] - 2023-12-30T06:48:56.790Z - [REQUEST]: Client Request for Project Graph Received
[NX Daemon Server] - 2023-12-30T06:48:56.791Z - [REQUEST]: Updated workspace context based on watched changes, recomputing project graph...
[NX Daemon Server] - 2023-12-30T06:48:56.791Z - [REQUEST]: 
[NX Daemon Server] - 2023-12-30T06:48:56.791Z - [REQUEST]: 
[NX Daemon Server] - 2023-12-30T06:48:56.872Z - [REQUEST]: Responding to the client. project-graph
[NX Daemon Server] - 2023-12-30T06:48:56.874Z - Time taken for 'total for creating and serializing project graph' 82.14100074768066ms
[NX Daemon Server] - 2023-12-30T06:48:56.875Z - [WATCHER]: .nx/cache/d/server-process.json was created or restored
[NX Daemon Server] - 2023-12-30T06:48:56.876Z - Done responding to the client project-graph
[NX Daemon Server] - 2023-12-30T06:48:56.876Z - Handled REQUEST_PROJECT_GRAPH. Handling time: 82. Response time: 4.
[NX Daemon Server] - 2023-12-30T06:48:56.913Z - [REQUEST]: Updated workspace context based on watched changes, recomputing project graph...
[NX Daemon Server] - 2023-12-30T06:48:56.913Z - [REQUEST]: .nx/cache/d/server-process.json
[NX Daemon Server] - 2023-12-30T06:48:56.913Z - [REQUEST]: 
[NX Daemon Server] - 2023-12-30T06:48:56.944Z - [REQUEST]: Responding to the client. handleHashTasks
[NX Daemon Server] - 2023-12-30T06:48:56.944Z - Time taken for 'hash changed files from watcher' 0.13841629028320312ms
[NX Daemon Server] - 2023-12-30T06:48:56.944Z - Done responding to the client handleHashTasks
[NX Daemon Server] - 2023-12-30T06:48:56.944Z - Handled HASH_TASKS. Handling time: 31. Response time: 0.
[NX Daemon Server] - 2023-12-30T06:48:58.030Z - Established a connection. Number of open connections: 2
[NX Daemon Server] - 2023-12-30T06:48:58.030Z - Closed a connection. Number of open connections: 1
[NX Daemon Server] - 2023-12-30T06:48:58.030Z - Established a connection. Number of open connections: 2
[NX Daemon Server] - 2023-12-30T06:48:58.031Z - [REQUEST]: Client Request for Project Graph Received
[NX Daemon Server] - 2023-12-30T06:48:58.031Z - [REQUEST]: Responding to the client. project-graph
[NX Daemon Server] - 2023-12-30T06:48:58.033Z - Time taken for 'total for creating and serializing project graph' 0.16870784759521484ms
[NX Daemon Server] - 2023-12-30T06:48:58.034Z - Done responding to the client project-graph
[NX Daemon Server] - 2023-12-30T06:48:58.034Z - Handled REQUEST_PROJECT_GRAPH. Handling time: 0. Response time: 3.
[NX Daemon Server] - 2023-12-30T06:48:58.037Z - [REQUEST]: Client Request for Project Graph Received
[NX Daemon Server] - 2023-12-30T06:48:58.038Z - [REQUEST]: Responding to the client. project-graph
[NX Daemon Server] - 2023-12-30T06:48:58.039Z - Time taken for 'total for creating and serializing project graph' 0.11904144287109375ms
[NX Daemon Server] - 2023-12-30T06:48:58.040Z - Done responding to the client project-graph
[NX Daemon Server] - 2023-12-30T06:48:58.040Z - Handled REQUEST_PROJECT_GRAPH. Handling time: 1. Response time: 2.
[NX Daemon Server] - 2023-12-30T06:48:58.425Z - [WATCHER]: Processing file changes in outputs
[NX Daemon Server] - 2023-12-30T06:48:58.482Z - [WATCHER]: Processing file changes in outputs
[NX Daemon Server] - 2023-12-30T06:49:00.153Z - [WATCHER]: Processing file changes in outputs
[NX Daemon Server] - 2023-12-30T06:49:00.423Z - [WATCHER]: Processing file changes in outputs
[NX Daemon Server] - 2023-12-30T06:49:00.537Z - [WATCHER]: Processing file changes in outputs
[NX Daemon Server] - 2023-12-30T06:49:00.596Z - [WATCHER]: Processing file changes in outputs
[NX Daemon Server] - 2023-12-30T06:49:01.003Z - [WATCHER]: Processing file changes in outputs
[NX Daemon Server] - 2023-12-30T06:49:01.059Z - [WATCHER]: Processing file changes in outputs
[NX Daemon Server] - 2023-12-30T06:49:01.121Z - [WATCHER]: Processing file changes in outputs
[NX Daemon Server] - 2023-12-30T06:49:01.317Z - [WATCHER]: Processing file changes in outputs
[NX Daemon Server] - 2023-12-30T06:49:01.455Z - [WATCHER]: Processing file changes in outputs
[NX Daemon Server] - 2023-12-30T06:49:01.511Z - [WATCHER]: Processing file changes in outputs
[NX Daemon Server] - 2023-12-30T06:49:01.563Z - [WATCHER]: Processing file changes in outputs
[NX Daemon Server] - 2023-12-30T06:49:01.719Z - [WATCHER]: Processing file changes in outputs
[NX Daemon Server] - 2023-12-30T06:49:01.876Z - [WATCHER]: Processing file changes in outputs
[NX Daemon Server] - 2023-12-30T06:49:01.973Z - [WATCHER]: Processing file changes in outputs
[NX Daemon Server] - 2023-12-30T06:49:02.089Z - [WATCHER]: Processing file changes in outputs
[NX Daemon Server] - 2023-12-30T06:49:02.148Z - [WATCHER]: Processing file changes in outputs
[NX Daemon Server] - 2023-12-30T06:49:02.213Z - [WATCHER]: Processing file changes in outputs
[NX Daemon Server] - 2023-12-30T06:49:02.268Z - [WATCHER]: Processing file changes in outputs
[NX Daemon Server] - 2023-12-30T06:49:02.334Z - [WATCHER]: Processing file changes in outputs
[NX Daemon Server] - 2023-12-30T06:49:02.387Z - [WATCHER]: Processing file changes in outputs
[NX Daemon Server] - 2023-12-30T06:49:02.489Z - [WATCHER]: Processing file changes in outputs
[NX Daemon Server] - 2023-12-30T06:49:02.550Z - [WATCHER]: Processing file changes in outputs
[NX Daemon Server] - 2023-12-30T06:49:02.617Z - [WATCHER]: Processing file changes in outputs
[NX Daemon Server] - 2023-12-30T06:49:02.691Z - [WATCHER]: Processing file changes in outputs
[NX Daemon Server] - 2023-12-30T06:49:02.749Z - [WATCHER]: Processing file changes in outputs
[NX Daemon Server] - 2023-12-30T06:49:02.801Z - [WATCHER]: Processing file changes in outputs
[NX Daemon Server] - 2023-12-30T06:49:02.856Z - [WATCHER]: Processing file changes in outputs
[NX Daemon Server] - 2023-12-30T06:49:02.914Z - [WATCHER]: Processing file changes in outputs
[NX Daemon Server] - 2023-12-30T06:49:02.966Z - [WATCHER]: Processing file changes in outputs
[NX Daemon Server] - 2023-12-30T06:49:03.020Z - [WATCHER]: Processing file changes in outputs
[NX Daemon Server] - 2023-12-30T06:49:03.086Z - [WATCHER]: Processing file changes in outputs
[NX Daemon Server] - 2023-12-30T06:49:03.139Z - [WATCHER]: Processing file changes in outputs
[NX Daemon Server] - 2023-12-30T06:49:03.206Z - [WATCHER]: Processing file changes in outputs
[NX Daemon Server] - 2023-12-30T06:49:03.264Z - [WATCHER]: Processing file changes in outputs
[NX Daemon Server] - 2023-12-30T06:49:03.324Z - [WATCHER]: Processing file changes in outputs
[NX Daemon Server] - 2023-12-30T06:49:03.377Z - [WATCHER]: Processing file changes in outputs
[NX Daemon Server] - 2023-12-30T06:49:03.434Z - [WATCHER]: Processing file changes in outputs
[NX Daemon Server] - 2023-12-30T06:49:03.501Z - [WATCHER]: Processing file changes in outputs
[NX Daemon Server] - 2023-12-30T06:49:03.562Z - [WATCHER]: Processing file changes in outputs
[NX Daemon Server] - 2023-12-30T06:49:03.619Z - [WATCHER]: Processing file changes in outputs
[NX Daemon Server] - 2023-12-30T06:49:03.680Z - [WATCHER]: Processing file changes in outputs
[NX Daemon Server] - 2023-12-30T06:49:03.734Z - [WATCHER]: Processing file changes in outputs
[NX Daemon Server] - 2023-12-30T06:49:07.153Z - [WATCHER]: .nx/cache/d/server-process.json was modified
[NX Daemon Server] - 2023-12-30T06:49:07.153Z - [WATCHER]: Stopping the watcher for /Users/robertfoerder1/Documents/Finance-App/finance-fe-nx (sources)
[NX Daemon Server] - 2023-12-30T06:49:07.153Z - [WATCHER]: Stopping the watcher for /Users/robertfoerder1/Documents/Finance-App/finance-fe-nx (outputs)
[NX Daemon Server] - 2023-12-30T06:49:07.153Z - Server stopped because: "this process is no longer the current daemon (native)"
[NX Daemon Server] - 2023-12-30T06:49:08.373Z - Started listening on: /var/folders/69/9mb0l08j2v1bdfbw_n2ysrvm0000gp/T/fa0a6183b0e93f124149/d.sock
[NX Daemon Server] - 2023-12-30T06:49:08.374Z - [WATCHER]: Subscribed to changes within: /Users/robertfoerder1/Documents/Finance-App/finance-fe-nx (native)
[NX Daemon Server] - 2023-12-30T06:49:08.376Z - Established a connection. Number of open connections: 1
[NX Daemon Server] - 2023-12-30T06:49:08.376Z - Established a connection. Number of open connections: 2
[NX Daemon Server] - 2023-12-30T06:49:08.377Z - Closed a connection. Number of open connections: 1
[NX Daemon Server] - 2023-12-30T06:49:08.380Z - [REQUEST]: Responding to the client. recordOutputsHash
[NX Daemon Server] - 2023-12-30T06:49:08.380Z - Done responding to the client recordOutputsHash
[NX Daemon Server] - 2023-12-30T06:49:08.380Z - Handled RECORD_OUTPUTS_HASH. Handling time: 2. Response time: 0.
[NX Daemon Server] - 2023-12-30T06:49:08.458Z - [REQUEST]: Responding to the client. PROCESS_IN_BACKGROUND
[NX Daemon Server] - 2023-12-30T06:49:08.458Z - Done responding to the client PROCESS_IN_BACKGROUND
[NX Daemon Server] - 2023-12-30T06:49:08.458Z - Handled PROCESS_IN_BACKGROUND. Handling time: 51. Response time: 0.
[NX Daemon Server] - 2023-12-30T06:49:08.459Z - Uploading file artifacts
[NX Daemon Server] - 2023-12-30T06:49:08.459Z - Done uploading file artifacts
[NX Daemon Server] - 2023-12-30T06:49:08.459Z - Sending EndRun request
[NX Daemon Server] - 2023-12-30T06:49:08.486Z - Closed a connection. Number of open connections: 0
[NX Daemon Server] - 2023-12-30T06:49:08.668Z - Error when sending EndRun
Error: This workspace is more than a week old and is unclaimed. Workspaces must be claimed within 7 days of creation. Claim your workspace at https://cloud.nx.app/orgs/workspace-setup?accessToken=ODVjMmIyYTItOThhYy00OWU5LWE0ZmQtOTMxOTA4M2I3ZGNkfHJlYWQtd3JpdGU=
    at Timeout._onTimeout (/Users/robertfoerder1/Documents/Finance-App/finance-fe-nx/node_modules/.cache/nx/cloud/2312.28.2/lib/daemon/process-run-end.js:16:5434)
    at process.processTicksAndRejections (node:internal/process/task_queues:95:5)
[NX Daemon Server] - 2023-12-30T06:52:52.744Z - [WATCHER]: apps/finance-fe/src/app/app.module.ts was modified
[NX Daemon Server] - 2023-12-30T06:52:52.744Z - [WATCHER]: Processing file changes in outputs
[NX Daemon Server] - 2023-12-30T06:52:52.846Z - [REQUEST]: Updated workspace context based on watched changes, recomputing project graph...
[NX Daemon Server] - 2023-12-30T06:52:52.846Z - [REQUEST]: apps/finance-fe/src/app/app.module.ts
[NX Daemon Server] - 2023-12-30T06:52:52.846Z - [REQUEST]: 
[NX Daemon Server] - 2023-12-30T06:52:52.920Z - Time taken for 'hash changed files from watcher' 0.4412498474121094ms
[NX Daemon Server] - 2023-12-30T06:53:37.833Z - [WATCHER]: apps/finance-fe/src/app/app.module.ts was modified
[NX Daemon Server] - 2023-12-30T06:53:37.834Z - [WATCHER]: Processing file changes in outputs
[NX Daemon Server] - 2023-12-30T06:53:38.043Z - [REQUEST]: Updated workspace context based on watched changes, recomputing project graph...
[NX Daemon Server] - 2023-12-30T06:53:38.043Z - [REQUEST]: apps/finance-fe/src/app/app.module.ts
[NX Daemon Server] - 2023-12-30T06:53:38.043Z - [REQUEST]: 
[NX Daemon Server] - 2023-12-30T06:53:38.102Z - Time taken for 'hash changed files from watcher' 0.6728334426879883ms
[NX Daemon Server] - 2023-12-30T06:54:53.426Z - [WATCHER]: apps/finance-fe/src/app/app.module.ts was modified
[NX Daemon Server] - 2023-12-30T06:54:53.426Z - [WATCHER]: Processing file changes in outputs
[NX Daemon Server] - 2023-12-30T06:54:53.827Z - [REQUEST]: Updated workspace context based on watched changes, recomputing project graph...
[NX Daemon Server] - 2023-12-30T06:54:53.828Z - [REQUEST]: apps/finance-fe/src/app/app.module.ts
[NX Daemon Server] - 2023-12-30T06:54:53.828Z - [REQUEST]: 
[NX Daemon Server] - 2023-12-30T06:54:53.881Z - Time taken for 'hash changed files from watcher' 0.8316249847412109ms
[NX Daemon Server] - 2023-12-30T06:55:09.147Z - [WATCHER]: apps/finance-fe/src/app/app.module.ts was modified
[NX Daemon Server] - 2023-12-30T06:55:09.147Z - [WATCHER]: Processing file changes in outputs
[NX Daemon Server] - 2023-12-30T06:55:09.950Z - [REQUEST]: Updated workspace context based on watched changes, recomputing project graph...
[NX Daemon Server] - 2023-12-30T06:55:09.950Z - [REQUEST]: apps/finance-fe/src/app/app.module.ts
[NX Daemon Server] - 2023-12-30T06:55:09.950Z - [REQUEST]: 
[NX Daemon Server] - 2023-12-30T06:55:10.005Z - Time taken for 'hash changed files from watcher' 0.8190422058105469ms
[NX Daemon Server] - 2023-12-30T06:58:51.544Z - [WATCHER]: package.json was modified
[NX Daemon Server] - 2023-12-30T06:58:51.544Z - [WATCHER]: Processing file changes in outputs
[NX Daemon Server] - 2023-12-30T06:58:53.145Z - [REQUEST]: Updated workspace context based on watched changes, recomputing project graph...
[NX Daemon Server] - 2023-12-30T06:58:53.145Z - [REQUEST]: package.json
[NX Daemon Server] - 2023-12-30T06:58:53.146Z - [REQUEST]: 
[NX Daemon Server] - 2023-12-30T06:58:53.190Z - Time taken for 'hash changed files from watcher' 0.6738758087158203ms
[NX Daemon Server] - 2023-12-30T06:58:59.940Z - [WATCHER]: Processing file changes in outputs
[NX Daemon Server] - 2023-12-30T06:58:59.940Z - [WATCHER]: Stopping the watcher for /Users/robertfoerder1/Documents/Finance-App/finance-fe-nx (sources)
[NX Daemon Server] - 2023-12-30T06:58:59.940Z - [WATCHER]: Stopping the watcher for /Users/robertfoerder1/Documents/Finance-App/finance-fe-nx (outputs)
[NX Daemon Server] - 2023-12-30T06:58:59.940Z - Server stopped because: "Lock file changed"
[NX Daemon Server] - 2023-12-30T07:04:48.970Z - Started listening on: /var/folders/69/9mb0l08j2v1bdfbw_n2ysrvm0000gp/T/fa0a6183b0e93f124149/d.sock
[NX Daemon Server] - 2023-12-30T07:04:48.972Z - [WATCHER]: Subscribed to changes within: /Users/robertfoerder1/Documents/Finance-App/finance-fe-nx (native)
[NX Daemon Server] - 2023-12-30T07:04:48.974Z - Established a connection. Number of open connections: 1
[NX Daemon Server] - 2023-12-30T07:04:48.974Z - Established a connection. Number of open connections: 2
[NX Daemon Server] - 2023-12-30T07:04:48.975Z - Closed a connection. Number of open connections: 1
[NX Daemon Server] - 2023-12-30T07:04:48.976Z - [REQUEST]: Client Request for Project Graph Received
[NX Daemon Server] - 2023-12-30T07:04:48.976Z - [REQUEST]: Updated workspace context based on watched changes, recomputing project graph...
[NX Daemon Server] - 2023-12-30T07:04:48.976Z - [REQUEST]: 
[NX Daemon Server] - 2023-12-30T07:04:48.976Z - [REQUEST]: 
[NX Daemon Server] - 2023-12-30T07:04:49.070Z - [REQUEST]: Responding to the client. project-graph
[NX Daemon Server] - 2023-12-30T07:04:49.071Z - Time taken for 'total for creating and serializing project graph' 93.87054252624512ms
[NX Daemon Server] - 2023-12-30T07:04:49.073Z - Done responding to the client project-graph
[NX Daemon Server] - 2023-12-30T07:04:49.073Z - Handled REQUEST_PROJECT_GRAPH. Handling time: 93. Response time: 4.
[NX Daemon Server] - 2023-12-30T07:04:49.175Z - [REQUEST]: Responding to the client. handleHashTasks
[NX Daemon Server] - 2023-12-30T07:04:49.175Z - Done responding to the client handleHashTasks
[NX Daemon Server] - 2023-12-30T07:04:49.175Z - Handled HASH_TASKS. Handling time: 10. Response time: 0.
[NX Daemon Server] - 2023-12-30T07:04:49.719Z - Established a connection. Number of open connections: 2
[NX Daemon Server] - 2023-12-30T07:04:49.719Z - Closed a connection. Number of open connections: 1
[NX Daemon Server] - 2023-12-30T07:04:49.720Z - Established a connection. Number of open connections: 2
[NX Daemon Server] - 2023-12-30T07:04:49.720Z - [REQUEST]: Client Request for Project Graph Received
[NX Daemon Server] - 2023-12-30T07:04:49.721Z - [REQUEST]: Responding to the client. project-graph
[NX Daemon Server] - 2023-12-30T07:04:49.722Z - Time taken for 'total for creating and serializing project graph' 0.15462493896484375ms
[NX Daemon Server] - 2023-12-30T07:04:49.724Z - Done responding to the client project-graph
[NX Daemon Server] - 2023-12-30T07:04:49.724Z - Handled REQUEST_PROJECT_GRAPH. Handling time: 1. Response time: 3.
[NX Daemon Server] - 2023-12-30T07:04:49.727Z - [REQUEST]: Client Request for Project Graph Received
[NX Daemon Server] - 2023-12-30T07:04:49.727Z - [REQUEST]: Responding to the client. project-graph
[NX Daemon Server] - 2023-12-30T07:04:49.729Z - Time taken for 'total for creating and serializing project graph' 0.04791736602783203ms
[NX Daemon Server] - 2023-12-30T07:04:49.730Z - Done responding to the client project-graph
[NX Daemon Server] - 2023-12-30T07:04:49.730Z - Handled REQUEST_PROJECT_GRAPH. Handling time: 0. Response time: 3.
[NX Daemon Server] - 2023-12-30T07:04:52.705Z - [WATCHER]: Processing file changes in outputs
[NX Daemon Server] - 2023-12-30T07:04:52.881Z - [WATCHER]: Processing file changes in outputs
[NX Daemon Server] - 2023-12-30T07:04:52.952Z - [WATCHER]: Processing file changes in outputs
[NX Daemon Server] - 2023-12-30T07:04:53.009Z - [WATCHER]: Processing file changes in outputs
[NX Daemon Server] - 2023-12-30T07:04:53.077Z - [WATCHER]: Processing file changes in outputs
[NX Daemon Server] - 2023-12-30T07:04:53.318Z - [WATCHER]: Processing file changes in outputs
[NX Daemon Server] - 2023-12-30T07:04:53.376Z - [WATCHER]: Processing file changes in outputs
[NX Daemon Server] - 2023-12-30T07:04:53.437Z - [WATCHER]: Processing file changes in outputs
[NX Daemon Server] - 2023-12-30T07:04:53.504Z - [WATCHER]: Processing file changes in outputs
[NX Daemon Server] - 2023-12-30T07:04:53.570Z - [WATCHER]: Processing file changes in outputs
[NX Daemon Server] - 2023-12-30T07:04:53.634Z - [WATCHER]: Processing file changes in outputs
[NX Daemon Server] - 2023-12-30T07:04:53.704Z - [WATCHER]: Processing file changes in outputs
[NX Daemon Server] - 2023-12-30T07:04:53.758Z - [WATCHER]: Processing file changes in outputs
[NX Daemon Server] - 2023-12-30T07:04:53.841Z - [WATCHER]: Processing file changes in outputs
[NX Daemon Server] - 2023-12-30T07:04:53.891Z - [WATCHER]: Processing file changes in outputs
[NX Daemon Server] - 2023-12-30T07:04:53.943Z - [WATCHER]: Processing file changes in outputs
[NX Daemon Server] - 2023-12-30T07:04:54.000Z - [WATCHER]: Processing file changes in outputs
[NX Daemon Server] - 2023-12-30T07:04:54.138Z - [WATCHER]: Processing file changes in outputs
[NX Daemon Server] - 2023-12-30T07:04:58.464Z - [WATCHER]: Processing file changes in outputs
[NX Daemon Server] - 2023-12-30T07:04:58.472Z - Closed a connection. Number of open connections: 1
[NX Daemon Server] - 2023-12-30T07:04:58.476Z - [REQUEST]: Responding to the client. recordOutputsHash
[NX Daemon Server] - 2023-12-30T07:04:58.476Z - Done responding to the client recordOutputsHash
[NX Daemon Server] - 2023-12-30T07:04:58.476Z - Handled RECORD_OUTPUTS_HASH. Handling time: 3. Response time: 0.
[NX Daemon Server] - 2023-12-30T07:04:58.562Z - [REQUEST]: Responding to the client. PROCESS_IN_BACKGROUND
[NX Daemon Server] - 2023-12-30T07:04:58.562Z - Done responding to the client PROCESS_IN_BACKGROUND
[NX Daemon Server] - 2023-12-30T07:04:58.562Z - Handled PROCESS_IN_BACKGROUND. Handling time: 50. Response time: 0.
[NX Daemon Server] - 2023-12-30T07:04:58.564Z - Uploading file artifacts
[NX Daemon Server] - 2023-12-30T07:04:58.564Z - Done uploading file artifacts
[NX Daemon Server] - 2023-12-30T07:04:58.564Z - Sending EndRun request
[NX Daemon Server] - 2023-12-30T07:04:58.589Z - Closed a connection. Number of open connections: 0
[NX Daemon Server] - 2023-12-30T07:04:58.736Z - Error when sending EndRun
Error: This workspace is more than a week old and is unclaimed. Workspaces must be claimed within 7 days of creation. Claim your workspace at https://cloud.nx.app/orgs/workspace-setup?accessToken=ODVjMmIyYTItOThhYy00OWU5LWE0ZmQtOTMxOTA4M2I3ZGNkfHJlYWQtd3JpdGU=
    at Timeout._onTimeout (/Users/robertfoerder1/Documents/Finance-App/finance-fe-nx/node_modules/.cache/nx/cloud/2312.28.2/lib/daemon/process-run-end.js:16:5434)
    at process.processTicksAndRejections (node:internal/process/task_queues:95:5)
[NX Daemon Server] - 2023-12-30T07:28:31.036Z - Established a connection. Number of open connections: 1
[NX Daemon Server] - 2023-12-30T07:28:31.036Z - Established a connection. Number of open connections: 2
[NX Daemon Server] - 2023-12-30T07:28:31.036Z - Closed a connection. Number of open connections: 1
[NX Daemon Server] - 2023-12-30T07:28:31.038Z - [REQUEST]: Client Request for Project Graph Received
[NX Daemon Server] - 2023-12-30T07:28:31.039Z - [REQUEST]: Responding to the client. project-graph
[NX Daemon Server] - 2023-12-30T07:28:31.040Z - Time taken for 'total for creating and serializing project graph' 0.3972911834716797ms
[NX Daemon Server] - 2023-12-30T07:28:31.042Z - Done responding to the client project-graph
[NX Daemon Server] - 2023-12-30T07:28:31.042Z - Handled REQUEST_PROJECT_GRAPH. Handling time: 1. Response time: 3.
[NX Daemon Server] - 2023-12-30T07:28:31.132Z - [REQUEST]: Responding to the client. handleHashTasks
[NX Daemon Server] - 2023-12-30T07:28:31.132Z - Done responding to the client handleHashTasks
[NX Daemon Server] - 2023-12-30T07:28:31.132Z - Handled HASH_TASKS. Handling time: 5. Response time: 0.
[NX Daemon Server] - 2023-12-30T07:28:32.031Z - Established a connection. Number of open connections: 2
[NX Daemon Server] - 2023-12-30T07:28:32.031Z - Closed a connection. Number of open connections: 1
[NX Daemon Server] - 2023-12-30T07:28:32.031Z - Established a connection. Number of open connections: 2
[NX Daemon Server] - 2023-12-30T07:28:32.032Z - [REQUEST]: Client Request for Project Graph Received
[NX Daemon Server] - 2023-12-30T07:28:32.032Z - [REQUEST]: Responding to the client. project-graph
[NX Daemon Server] - 2023-12-30T07:28:32.034Z - Time taken for 'total for creating and serializing project graph' 0.052249908447265625ms
[NX Daemon Server] - 2023-12-30T07:28:32.036Z - Done responding to the client project-graph
[NX Daemon Server] - 2023-12-30T07:28:32.036Z - Handled REQUEST_PROJECT_GRAPH. Handling time: 0. Response time: 4.
[NX Daemon Server] - 2023-12-30T07:28:32.039Z - [REQUEST]: Client Request for Project Graph Received
[NX Daemon Server] - 2023-12-30T07:28:32.039Z - [REQUEST]: Responding to the client. project-graph
[NX Daemon Server] - 2023-12-30T07:28:32.041Z - Time taken for 'total for creating and serializing project graph' 0.039165496826171875ms
[NX Daemon Server] - 2023-12-30T07:28:32.042Z - Done responding to the client project-graph
[NX Daemon Server] - 2023-12-30T07:28:32.042Z - Handled REQUEST_PROJECT_GRAPH. Handling time: 0. Response time: 3.
[NX Daemon Server] - 2023-12-30T07:28:36.086Z - Closed a connection. Number of open connections: 1
[NX Daemon Server] - 2023-12-30T07:28:36.092Z - [REQUEST]: Responding to the client. recordOutputsHash
[NX Daemon Server] - 2023-12-30T07:28:36.092Z - Done responding to the client recordOutputsHash
[NX Daemon Server] - 2023-12-30T07:28:36.092Z - Handled RECORD_OUTPUTS_HASH. Handling time: 5. Response time: 0.
[NX Daemon Server] - 2023-12-30T07:28:36.112Z - [WATCHER]: Processing file changes in outputs
[NX Daemon Server] - 2023-12-30T07:28:36.137Z - [REQUEST]: Responding to the client. PROCESS_IN_BACKGROUND
[NX Daemon Server] - 2023-12-30T07:28:36.137Z - Done responding to the client PROCESS_IN_BACKGROUND
[NX Daemon Server] - 2023-12-30T07:28:36.137Z - Handled PROCESS_IN_BACKGROUND. Handling time: 14. Response time: 0.
[NX Daemon Server] - 2023-12-30T07:28:36.137Z - Uploading file artifacts
[NX Daemon Server] - 2023-12-30T07:28:36.137Z - Done uploading file artifacts
[NX Daemon Server] - 2023-12-30T07:28:36.137Z - Sending EndRun request
[NX Daemon Server] - 2023-12-30T07:28:36.141Z - Closed a connection. Number of open connections: 0
[NX Daemon Server] - 2023-12-30T07:28:36.290Z - Error when sending EndRun
Error: This workspace is more than a week old and is unclaimed. Workspaces must be claimed within 7 days of creation. Claim your workspace at https://cloud.nx.app/orgs/workspace-setup?accessToken=ODVjMmIyYTItOThhYy00OWU5LWE0ZmQtOTMxOTA4M2I3ZGNkfHJlYWQtd3JpdGU=
    at Timeout._onTimeout (/Users/robertfoerder1/Documents/Finance-App/finance-fe-nx/node_modules/.cache/nx/cloud/2312.28.2/lib/daemon/process-run-end.js:16:5434)
    at process.processTicksAndRejections (node:internal/process/task_queues:95:5)
[NX Daemon Server] - 2023-12-30T07:29:00.762Z - Established a connection. Number of open connections: 1
[NX Daemon Server] - 2023-12-30T07:29:00.762Z - Closed a connection. Number of open connections: 0
[NX Daemon Server] - 2023-12-30T07:29:00.762Z - Established a connection. Number of open connections: 1
[NX Daemon Server] - 2023-12-30T07:29:00.763Z - [REQUEST]: Client Request for Project Graph Received
[NX Daemon Server] - 2023-12-30T07:29:00.763Z - [REQUEST]: Responding to the client. project-graph
[NX Daemon Server] - 2023-12-30T07:29:00.765Z - Time taken for 'total for creating and serializing project graph' 0.052124977111816406ms
[NX Daemon Server] - 2023-12-30T07:29:00.767Z - Done responding to the client project-graph
[NX Daemon Server] - 2023-12-30T07:29:00.767Z - Handled REQUEST_PROJECT_GRAPH. Handling time: 0. Response time: 4.
[NX Daemon Server] - 2023-12-30T07:29:00.800Z - [REQUEST]: Responding to the client. handleHashTasks
[NX Daemon Server] - 2023-12-30T07:29:00.801Z - Done responding to the client handleHashTasks
[NX Daemon Server] - 2023-12-30T07:29:00.801Z - Handled HASH_TASKS. Handling time: 4. Response time: 1.
[NX Daemon Server] - 2023-12-30T07:29:01.172Z - Established a connection. Number of open connections: 2
[NX Daemon Server] - 2023-12-30T07:29:01.173Z - Closed a connection. Number of open connections: 1
[NX Daemon Server] - 2023-12-30T07:29:01.173Z - Established a connection. Number of open connections: 2
[NX Daemon Server] - 2023-12-30T07:29:01.174Z - [REQUEST]: Client Request for Project Graph Received
[NX Daemon Server] - 2023-12-30T07:29:01.174Z - [REQUEST]: Responding to the client. project-graph
[NX Daemon Server] - 2023-12-30T07:29:01.175Z - Time taken for 'total for creating and serializing project graph' 0.05154132843017578ms
[NX Daemon Server] - 2023-12-30T07:29:01.177Z - Done responding to the client project-graph
[NX Daemon Server] - 2023-12-30T07:29:01.177Z - Handled REQUEST_PROJECT_GRAPH. Handling time: 0. Response time: 3.
[NX Daemon Server] - 2023-12-30T07:29:01.180Z - [REQUEST]: Client Request for Project Graph Received
[NX Daemon Server] - 2023-12-30T07:29:01.180Z - [REQUEST]: Responding to the client. project-graph
[NX Daemon Server] - 2023-12-30T07:29:01.182Z - Time taken for 'total for creating and serializing project graph' 0.12379074096679688ms
[NX Daemon Server] - 2023-12-30T07:29:01.183Z - Done responding to the client project-graph
[NX Daemon Server] - 2023-12-30T07:29:01.183Z - Handled REQUEST_PROJECT_GRAPH. Handling time: 0. Response time: 3.
[NX Daemon Server] - 2023-12-30T07:29:04.461Z - Closed a connection. Number of open connections: 1
[NX Daemon Server] - 2023-12-30T07:29:04.464Z - [REQUEST]: Responding to the client. recordOutputsHash
[NX Daemon Server] - 2023-12-30T07:29:04.464Z - Done responding to the client recordOutputsHash
[NX Daemon Server] - 2023-12-30T07:29:04.464Z - Handled RECORD_OUTPUTS_HASH. Handling time: 2. Response time: 0.
[NX Daemon Server] - 2023-12-30T07:29:04.508Z - [REQUEST]: Responding to the client. PROCESS_IN_BACKGROUND
[NX Daemon Server] - 2023-12-30T07:29:04.508Z - Done responding to the client PROCESS_IN_BACKGROUND
[NX Daemon Server] - 2023-12-30T07:29:04.508Z - Handled PROCESS_IN_BACKGROUND. Handling time: 14. Response time: 0.
[NX Daemon Server] - 2023-12-30T07:29:04.510Z - Uploading file artifacts
[NX Daemon Server] - 2023-12-30T07:29:04.510Z - Done uploading file artifacts
[NX Daemon Server] - 2023-12-30T07:29:04.510Z - Sending EndRun request
[NX Daemon Server] - 2023-12-30T07:29:04.512Z - Closed a connection. Number of open connections: 0
[NX Daemon Server] - 2023-12-30T07:29:04.663Z - Error when sending EndRun
Error: This workspace is more than a week old and is unclaimed. Workspaces must be claimed within 7 days of creation. Claim your workspace at https://cloud.nx.app/orgs/workspace-setup?accessToken=ODVjMmIyYTItOThhYy00OWU5LWE0ZmQtOTMxOTA4M2I3ZGNkfHJlYWQtd3JpdGU=
    at Timeout._onTimeout (/Users/robertfoerder1/Documents/Finance-App/finance-fe-nx/node_modules/.cache/nx/cloud/2312.28.2/lib/daemon/process-run-end.js:16:5434)
    at process.processTicksAndRejections (node:internal/process/task_queues:95:5)
[NX Daemon Server] - 2023-12-30T07:34:13.665Z - [WATCHER]: libs/accounts/data/src/lib/accounts/accounts.reducers.ts was modified
[NX Daemon Server] - 2023-12-30T07:34:13.665Z - [WATCHER]: Processing file changes in outputs
[NX Daemon Server] - 2023-12-30T07:34:13.767Z - [REQUEST]: Updated workspace context based on watched changes, recomputing project graph...
[NX Daemon Server] - 2023-12-30T07:34:13.767Z - [REQUEST]: libs/accounts/data/src/lib/accounts/accounts.reducers.ts
[NX Daemon Server] - 2023-12-30T07:34:13.767Z - [REQUEST]: 
[NX Daemon Server] - 2023-12-30T07:34:13.817Z - Time taken for 'hash changed files from watcher' 0.48504066467285156ms
[NX Daemon Server] - 2023-12-30T07:34:46.610Z - [WATCHER]: libs/core/src/lib/api-access/request-status-type.ts was modified
[NX Daemon Server] - 2023-12-30T07:34:46.610Z - [WATCHER]: Processing file changes in outputs
[NX Daemon Server] - 2023-12-30T07:34:46.811Z - [REQUEST]: Updated workspace context based on watched changes, recomputing project graph...
[NX Daemon Server] - 2023-12-30T07:34:46.811Z - [REQUEST]: libs/core/src/lib/api-access/request-status-type.ts
[NX Daemon Server] - 2023-12-30T07:34:46.811Z - [REQUEST]: 
[NX Daemon Server] - 2023-12-30T07:34:46.859Z - Time taken for 'hash changed files from watcher' 0.6968326568603516ms
[NX Daemon Server] - 2023-12-30T07:45:28.257Z - [WATCHER]: libs/accounts/data/src/lib/accounts/accounts.reducers.ts was modified
[NX Daemon Server] - 2023-12-30T07:45:28.257Z - [WATCHER]: Processing file changes in outputs
[NX Daemon Server] - 2023-12-30T07:45:28.660Z - [REQUEST]: Updated workspace context based on watched changes, recomputing project graph...
[NX Daemon Server] - 2023-12-30T07:45:28.660Z - [REQUEST]: libs/accounts/data/src/lib/accounts/accounts.reducers.ts
[NX Daemon Server] - 2023-12-30T07:45:28.660Z - [REQUEST]: 
[NX Daemon Server] - 2023-12-30T07:45:28.735Z - Time taken for 'hash changed files from watcher' 1.2902908325195312ms
[NX Daemon Server] - 2023-12-30T07:58:32.899Z - [WATCHER]: libs/accounts/data/src/lib/accounts/accounts.reducers.ts was modified
[NX Daemon Server] - 2023-12-30T07:58:32.899Z - [WATCHER]: Processing file changes in outputs
[NX Daemon Server] - 2023-12-30T07:58:33.701Z - [REQUEST]: Updated workspace context based on watched changes, recomputing project graph...
[NX Daemon Server] - 2023-12-30T07:58:33.701Z - [REQUEST]: libs/accounts/data/src/lib/accounts/accounts.reducers.ts
[NX Daemon Server] - 2023-12-30T07:58:33.701Z - [REQUEST]: 
[NX Daemon Server] - 2023-12-30T07:58:33.743Z - Time taken for 'hash changed files from watcher' 0.4545402526855469ms
[NX Daemon Server] - 2023-12-30T07:58:40.885Z - Established a connection. Number of open connections: 1
[NX Daemon Server] - 2023-12-30T07:58:40.886Z - Closed a connection. Number of open connections: 0
[NX Daemon Server] - 2023-12-30T07:58:40.886Z - Established a connection. Number of open connections: 1
[NX Daemon Server] - 2023-12-30T07:58:40.887Z - [REQUEST]: Client Request for Project Graph Received
[NX Daemon Server] - 2023-12-30T07:58:40.887Z - [REQUEST]: Responding to the client. project-graph
[NX Daemon Server] - 2023-12-30T07:58:40.889Z - Time taken for 'total for creating and serializing project graph' 0.0952920913696289ms
[NX Daemon Server] - 2023-12-30T07:58:40.891Z - Done responding to the client project-graph
[NX Daemon Server] - 2023-12-30T07:58:40.891Z - Handled REQUEST_PROJECT_GRAPH. Handling time: 0. Response time: 4.
[NX Daemon Server] - 2023-12-30T07:58:40.935Z - [REQUEST]: Responding to the client. handleHashTasks
[NX Daemon Server] - 2023-12-30T07:58:40.935Z - Done responding to the client handleHashTasks
[NX Daemon Server] - 2023-12-30T07:58:40.935Z - Handled HASH_TASKS. Handling time: 11. Response time: 0.
[NX Daemon Server] - 2023-12-30T07:58:41.853Z - Established a connection. Number of open connections: 2
[NX Daemon Server] - 2023-12-30T07:58:41.853Z - Closed a connection. Number of open connections: 1
[NX Daemon Server] - 2023-12-30T07:58:41.854Z - Established a connection. Number of open connections: 2
[NX Daemon Server] - 2023-12-30T07:58:41.854Z - [REQUEST]: Client Request for Project Graph Received
[NX Daemon Server] - 2023-12-30T07:58:41.855Z - [REQUEST]: Responding to the client. project-graph
[NX Daemon Server] - 2023-12-30T07:58:41.856Z - Time taken for 'total for creating and serializing project graph' 0.11337566375732422ms
[NX Daemon Server] - 2023-12-30T07:58:41.857Z - Done responding to the client project-graph
[NX Daemon Server] - 2023-12-30T07:58:41.857Z - Handled REQUEST_PROJECT_GRAPH. Handling time: 1. Response time: 2.
[NX Daemon Server] - 2023-12-30T07:58:41.861Z - [REQUEST]: Client Request for Project Graph Received
[NX Daemon Server] - 2023-12-30T07:58:41.861Z - [REQUEST]: Responding to the client. project-graph
[NX Daemon Server] - 2023-12-30T07:58:41.863Z - Time taken for 'total for creating and serializing project graph' 0.027625083923339844ms
[NX Daemon Server] - 2023-12-30T07:58:41.864Z - Done responding to the client project-graph
[NX Daemon Server] - 2023-12-30T07:58:41.864Z - Handled REQUEST_PROJECT_GRAPH. Handling time: 0. Response time: 3.
[NX Daemon Server] - 2023-12-30T07:58:46.131Z - Closed a connection. Number of open connections: 1
[NX Daemon Server] - 2023-12-30T07:58:46.137Z - [REQUEST]: Responding to the client. recordOutputsHash
[NX Daemon Server] - 2023-12-30T07:58:46.137Z - Done responding to the client recordOutputsHash
[NX Daemon Server] - 2023-12-30T07:58:46.137Z - Handled RECORD_OUTPUTS_HASH. Handling time: 5. Response time: 0.
[NX Daemon Server] - 2023-12-30T07:58:46.164Z - [WATCHER]: Processing file changes in outputs
[NX Daemon Server] - 2023-12-30T07:58:46.180Z - [REQUEST]: Responding to the client. PROCESS_IN_BACKGROUND
[NX Daemon Server] - 2023-12-30T07:58:46.180Z - Done responding to the client PROCESS_IN_BACKGROUND
[NX Daemon Server] - 2023-12-30T07:58:46.180Z - Handled PROCESS_IN_BACKGROUND. Handling time: 15. Response time: 0.
[NX Daemon Server] - 2023-12-30T07:58:46.182Z - Uploading file artifacts
[NX Daemon Server] - 2023-12-30T07:58:46.182Z - Done uploading file artifacts
[NX Daemon Server] - 2023-12-30T07:58:46.182Z - Sending EndRun request
[NX Daemon Server] - 2023-12-30T07:58:46.187Z - Closed a connection. Number of open connections: 0
[NX Daemon Server] - 2023-12-30T07:58:46.337Z - Error when sending EndRun
Error: This workspace is more than a week old and is unclaimed. Workspaces must be claimed within 7 days of creation. Claim your workspace at https://cloud.nx.app/orgs/workspace-setup?accessToken=ODVjMmIyYTItOThhYy00OWU5LWE0ZmQtOTMxOTA4M2I3ZGNkfHJlYWQtd3JpdGU=
    at Timeout._onTimeout (/Users/robertfoerder1/Documents/Finance-App/finance-fe-nx/node_modules/.cache/nx/cloud/2312.28.2/lib/daemon/process-run-end.js:16:5434)
    at process.processTicksAndRejections (node:internal/process/task_queues:95:5)
[NX Daemon Server] - 2023-12-30T07:59:49.611Z - [WATCHER]: libs/fixed-costs/data/src/lib/fixed-costs/fixed-costs.reducers.ts was modified
[NX Daemon Server] - 2023-12-30T07:59:49.611Z - [WATCHER]: Processing file changes in outputs
[NX Daemon Server] - 2023-12-30T07:59:49.713Z - [REQUEST]: Updated workspace context based on watched changes, recomputing project graph...
[NX Daemon Server] - 2023-12-30T07:59:49.713Z - [REQUEST]: libs/fixed-costs/data/src/lib/fixed-costs/fixed-costs.reducers.ts
[NX Daemon Server] - 2023-12-30T07:59:49.713Z - [REQUEST]: 
[NX Daemon Server] - 2023-12-30T07:59:49.765Z - Time taken for 'hash changed files from watcher' 0.6085844039916992ms
[NX Daemon Server] - 2023-12-30T07:59:54.011Z - Established a connection. Number of open connections: 1
[NX Daemon Server] - 2023-12-30T07:59:54.012Z - Closed a connection. Number of open connections: 0
[NX Daemon Server] - 2023-12-30T07:59:54.012Z - Established a connection. Number of open connections: 1
[NX Daemon Server] - 2023-12-30T07:59:54.013Z - [REQUEST]: Client Request for Project Graph Received
[NX Daemon Server] - 2023-12-30T07:59:54.013Z - [REQUEST]: Responding to the client. project-graph
[NX Daemon Server] - 2023-12-30T07:59:54.014Z - Time taken for 'total for creating and serializing project graph' 0.07191658020019531ms
[NX Daemon Server] - 2023-12-30T07:59:54.016Z - Done responding to the client project-graph
[NX Daemon Server] - 2023-12-30T07:59:54.016Z - Handled REQUEST_PROJECT_GRAPH. Handling time: 0. Response time: 3.
[NX Daemon Server] - 2023-12-30T07:59:54.054Z - [REQUEST]: Responding to the client. handleHashTasks
[NX Daemon Server] - 2023-12-30T07:59:54.054Z - Done responding to the client handleHashTasks
[NX Daemon Server] - 2023-12-30T07:59:54.054Z - Handled HASH_TASKS. Handling time: 8. Response time: 0.
[NX Daemon Server] - 2023-12-30T07:59:54.437Z - Established a connection. Number of open connections: 2
[NX Daemon Server] - 2023-12-30T07:59:54.437Z - Closed a connection. Number of open connections: 1
[NX Daemon Server] - 2023-12-30T07:59:54.437Z - Established a connection. Number of open connections: 2
[NX Daemon Server] - 2023-12-30T07:59:54.438Z - [REQUEST]: Client Request for Project Graph Received
[NX Daemon Server] - 2023-12-30T07:59:54.438Z - [REQUEST]: Responding to the client. project-graph
[NX Daemon Server] - 2023-12-30T07:59:54.440Z - Time taken for 'total for creating and serializing project graph' 0.043750762939453125ms
[NX Daemon Server] - 2023-12-30T07:59:54.441Z - Done responding to the client project-graph
[NX Daemon Server] - 2023-12-30T07:59:54.441Z - Handled REQUEST_PROJECT_GRAPH. Handling time: 0. Response time: 3.
[NX Daemon Server] - 2023-12-30T07:59:54.445Z - [REQUEST]: Client Request for Project Graph Received
[NX Daemon Server] - 2023-12-30T07:59:54.445Z - [REQUEST]: Responding to the client. project-graph
[NX Daemon Server] - 2023-12-30T07:59:54.446Z - Time taken for 'total for creating and serializing project graph' 0.028583526611328125ms
[NX Daemon Server] - 2023-12-30T07:59:54.447Z - Done responding to the client project-graph
[NX Daemon Server] - 2023-12-30T07:59:54.447Z - Handled REQUEST_PROJECT_GRAPH. Handling time: 0. Response time: 2.
[NX Daemon Server] - 2023-12-30T07:59:58.448Z - Closed a connection. Number of open connections: 1
[NX Daemon Server] - 2023-12-30T07:59:58.451Z - [REQUEST]: Responding to the client. recordOutputsHash
[NX Daemon Server] - 2023-12-30T07:59:58.451Z - Done responding to the client recordOutputsHash
[NX Daemon Server] - 2023-12-30T07:59:58.451Z - Handled RECORD_OUTPUTS_HASH. Handling time: 2. Response time: 0.
[NX Daemon Server] - 2023-12-30T07:59:58.495Z - [REQUEST]: Responding to the client. PROCESS_IN_BACKGROUND
[NX Daemon Server] - 2023-12-30T07:59:58.495Z - Done responding to the client PROCESS_IN_BACKGROUND
[NX Daemon Server] - 2023-12-30T07:59:58.495Z - Handled PROCESS_IN_BACKGROUND. Handling time: 14. Response time: 0.
[NX Daemon Server] - 2023-12-30T07:59:58.495Z - [WATCHER]: Processing file changes in outputs
[NX Daemon Server] - 2023-12-30T07:59:58.497Z - Uploading file artifacts
[NX Daemon Server] - 2023-12-30T07:59:58.497Z - Done uploading file artifacts
[NX Daemon Server] - 2023-12-30T07:59:58.497Z - Sending EndRun request
[NX Daemon Server] - 2023-12-30T07:59:58.499Z - Closed a connection. Number of open connections: 0
[NX Daemon Server] - 2023-12-30T07:59:58.647Z - Error when sending EndRun
Error: This workspace is more than a week old and is unclaimed. Workspaces must be claimed within 7 days of creation. Claim your workspace at https://cloud.nx.app/orgs/workspace-setup?accessToken=ODVjMmIyYTItOThhYy00OWU5LWE0ZmQtOTMxOTA4M2I3ZGNkfHJlYWQtd3JpdGU=
    at Timeout._onTimeout (/Users/robertfoerder1/Documents/Finance-App/finance-fe-nx/node_modules/.cache/nx/cloud/2312.28.2/lib/daemon/process-run-end.js:16:5434)
    at process.processTicksAndRejections (node:internal/process/task_queues:95:5)
[NX Daemon Server] - 2023-12-30T08:00:52.693Z - [WATCHER]: libs/summary/data/src/lib/finance-entries/finance-entries.reducers.ts was modified
[NX Daemon Server] - 2023-12-30T08:00:52.693Z - [WATCHER]: Processing file changes in outputs
[NX Daemon Server] - 2023-12-30T08:00:52.795Z - [REQUEST]: Updated workspace context based on watched changes, recomputing project graph...
[NX Daemon Server] - 2023-12-30T08:00:52.795Z - [REQUEST]: libs/summary/data/src/lib/finance-entries/finance-entries.reducers.ts
[NX Daemon Server] - 2023-12-30T08:00:52.796Z - [REQUEST]: 
[NX Daemon Server] - 2023-12-30T08:00:52.854Z - Time taken for 'hash changed files from watcher' 0.8430004119873047ms
[NX Daemon Server] - 2023-12-30T08:00:55.886Z - Established a connection. Number of open connections: 1
[NX Daemon Server] - 2023-12-30T08:00:55.887Z - Closed a connection. Number of open connections: 0
[NX Daemon Server] - 2023-12-30T08:00:55.887Z - Established a connection. Number of open connections: 1
[NX Daemon Server] - 2023-12-30T08:00:55.888Z - [REQUEST]: Client Request for Project Graph Received
[NX Daemon Server] - 2023-12-30T08:00:55.888Z - [REQUEST]: Responding to the client. project-graph
[NX Daemon Server] - 2023-12-30T08:00:55.889Z - Time taken for 'total for creating and serializing project graph' 0.11429214477539062ms
[NX Daemon Server] - 2023-12-30T08:00:55.891Z - Done responding to the client project-graph
[NX Daemon Server] - 2023-12-30T08:00:55.891Z - Handled REQUEST_PROJECT_GRAPH. Handling time: 0. Response time: 3.
[NX Daemon Server] - 2023-12-30T08:00:55.931Z - [REQUEST]: Responding to the client. handleHashTasks
[NX Daemon Server] - 2023-12-30T08:00:55.931Z - Done responding to the client handleHashTasks
[NX Daemon Server] - 2023-12-30T08:00:55.931Z - Handled HASH_TASKS. Handling time: 9. Response time: 0.
[NX Daemon Server] - 2023-12-30T08:00:56.310Z - Established a connection. Number of open connections: 2
[NX Daemon Server] - 2023-12-30T08:00:56.310Z - Closed a connection. Number of open connections: 1
[NX Daemon Server] - 2023-12-30T08:00:56.310Z - Established a connection. Number of open connections: 2
[NX Daemon Server] - 2023-12-30T08:00:56.311Z - [REQUEST]: Client Request for Project Graph Received
[NX Daemon Server] - 2023-12-30T08:00:56.311Z - [REQUEST]: Responding to the client. project-graph
[NX Daemon Server] - 2023-12-30T08:00:56.313Z - Time taken for 'total for creating and serializing project graph' 0.0462493896484375ms
[NX Daemon Server] - 2023-12-30T08:00:56.314Z - Done responding to the client project-graph
[NX Daemon Server] - 2023-12-30T08:00:56.314Z - Handled REQUEST_PROJECT_GRAPH. Handling time: 0. Response time: 3.
[NX Daemon Server] - 2023-12-30T08:00:56.318Z - [REQUEST]: Client Request for Project Graph Received
[NX Daemon Server] - 2023-12-30T08:00:56.318Z - [REQUEST]: Responding to the client. project-graph
[NX Daemon Server] - 2023-12-30T08:00:56.319Z - Time taken for 'total for creating and serializing project graph' 0.02683258056640625ms
[NX Daemon Server] - 2023-12-30T08:00:56.320Z - Done responding to the client project-graph
[NX Daemon Server] - 2023-12-30T08:00:56.320Z - Handled REQUEST_PROJECT_GRAPH. Handling time: 0. Response time: 2.
[NX Daemon Server] - 2023-12-30T08:01:00.097Z - [WATCHER]: Processing file changes in outputs
[NX Daemon Server] - 2023-12-30T08:01:00.524Z - [WATCHER]: Processing file changes in outputs
[NX Daemon Server] - 2023-12-30T08:01:00.558Z - Closed a connection. Number of open connections: 1
[NX Daemon Server] - 2023-12-30T08:01:00.559Z - [REQUEST]: Responding to the client. recordOutputsHash
[NX Daemon Server] - 2023-12-30T08:01:00.559Z - Done responding to the client recordOutputsHash
[NX Daemon Server] - 2023-12-30T08:01:00.559Z - Handled RECORD_OUTPUTS_HASH. Handling time: 0. Response time: 0.
[NX Daemon Server] - 2023-12-30T08:01:00.598Z - [WATCHER]: Processing file changes in outputs
[NX Daemon Server] - 2023-12-30T08:01:00.621Z - [REQUEST]: Responding to the client. PROCESS_IN_BACKGROUND
[NX Daemon Server] - 2023-12-30T08:01:00.621Z - Done responding to the client PROCESS_IN_BACKGROUND
[NX Daemon Server] - 2023-12-30T08:01:00.621Z - Handled PROCESS_IN_BACKGROUND. Handling time: 14. Response time: 0.
[NX Daemon Server] - 2023-12-30T08:01:00.623Z - Uploading file artifacts
[NX Daemon Server] - 2023-12-30T08:01:00.623Z - Done uploading file artifacts
[NX Daemon Server] - 2023-12-30T08:01:00.623Z - Sending EndRun request
[NX Daemon Server] - 2023-12-30T08:01:00.625Z - Closed a connection. Number of open connections: 0
[NX Daemon Server] - 2023-12-30T08:01:00.780Z - Error when sending EndRun
Error: This workspace is more than a week old and is unclaimed. Workspaces must be claimed within 7 days of creation. Claim your workspace at https://cloud.nx.app/orgs/workspace-setup?accessToken=ODVjMmIyYTItOThhYy00OWU5LWE0ZmQtOTMxOTA4M2I3ZGNkfHJlYWQtd3JpdGU=
    at Timeout._onTimeout (/Users/robertfoerder1/Documents/Finance-App/finance-fe-nx/node_modules/.cache/nx/cloud/2312.28.2/lib/daemon/process-run-end.js:16:5434)
    at process.processTicksAndRejections (node:internal/process/task_queues:95:5)
[NX Daemon Server] - 2023-12-30T08:03:15.053Z - [WATCHER]: tailwind.config.js was modified
[NX Daemon Server] - 2023-12-30T08:03:15.053Z - [WATCHER]: Processing file changes in outputs
[NX Daemon Server] - 2023-12-30T08:03:15.154Z - [REQUEST]: Updated workspace context based on watched changes, recomputing project graph...
[NX Daemon Server] - 2023-12-30T08:03:15.154Z - [REQUEST]: tailwind.config.js
[NX Daemon Server] - 2023-12-30T08:03:15.154Z - [REQUEST]: 
[NX Daemon Server] - 2023-12-30T08:03:15.191Z - Time taken for 'hash changed files from watcher' 0.4131660461425781ms
[NX Daemon Server] - 2023-12-30T08:03:23.116Z - [WATCHER]: tailwind.config.js was modified
[NX Daemon Server] - 2023-12-30T08:03:23.116Z - [WATCHER]: Processing file changes in outputs
[NX Daemon Server] - 2023-12-30T08:03:23.319Z - [REQUEST]: Updated workspace context based on watched changes, recomputing project graph...
[NX Daemon Server] - 2023-12-30T08:03:23.319Z - [REQUEST]: tailwind.config.js
[NX Daemon Server] - 2023-12-30T08:03:23.319Z - [REQUEST]: 
[NX Daemon Server] - 2023-12-30T08:03:23.365Z - Time taken for 'hash changed files from watcher' 1.075958251953125ms
[NX Daemon Server] - 2023-12-30T08:03:29.764Z - [WATCHER]: tailwind.config.js was modified
[NX Daemon Server] - 2023-12-30T08:03:29.764Z - [WATCHER]: Processing file changes in outputs
[NX Daemon Server] - 2023-12-30T08:03:30.167Z - [REQUEST]: Updated workspace context based on watched changes, recomputing project graph...
[NX Daemon Server] - 2023-12-30T08:03:30.167Z - [REQUEST]: tailwind.config.js
[NX Daemon Server] - 2023-12-30T08:03:30.167Z - [REQUEST]: 
[NX Daemon Server] - 2023-12-30T08:03:30.212Z - Time taken for 'hash changed files from watcher' 1.2281255722045898ms
[NX Daemon Server] - 2023-12-30T08:03:46.266Z - Established a connection. Number of open connections: 1
[NX Daemon Server] - 2023-12-30T08:03:46.267Z - Closed a connection. Number of open connections: 0
[NX Daemon Server] - 2023-12-30T08:03:46.267Z - Established a connection. Number of open connections: 1
[NX Daemon Server] - 2023-12-30T08:03:46.268Z - [REQUEST]: Client Request for Project Graph Received
[NX Daemon Server] - 2023-12-30T08:03:46.268Z - [REQUEST]: Responding to the client. project-graph
[NX Daemon Server] - 2023-12-30T08:03:46.270Z - Time taken for 'total for creating and serializing project graph' 0.09537506103515625ms
[NX Daemon Server] - 2023-12-30T08:03:46.271Z - Done responding to the client project-graph
[NX Daemon Server] - 2023-12-30T08:03:46.272Z - Handled REQUEST_PROJECT_GRAPH. Handling time: 0. Response time: 4.
[NX Daemon Server] - 2023-12-30T08:03:46.310Z - [REQUEST]: Responding to the client. handleHashTasks
[NX Daemon Server] - 2023-12-30T08:03:46.311Z - Done responding to the client handleHashTasks
[NX Daemon Server] - 2023-12-30T08:03:46.311Z - Handled HASH_TASKS. Handling time: 9. Response time: 1.
[NX Daemon Server] - 2023-12-30T08:03:46.360Z - [REQUEST]: Responding to the client. outputsHashesMatch
[NX Daemon Server] - 2023-12-30T08:03:46.360Z - Done responding to the client outputsHashesMatch
[NX Daemon Server] - 2023-12-30T08:03:46.360Z - Handled OUTPUTS_HASHES_MATCH. Handling time: 1. Response time: 0.
[NX Daemon Server] - 2023-12-30T08:03:46.361Z - [REQUEST]: Responding to the client. recordOutputsHash
[NX Daemon Server] - 2023-12-30T08:03:46.361Z - Done responding to the client recordOutputsHash
[NX Daemon Server] - 2023-12-30T08:03:46.361Z - Handled RECORD_OUTPUTS_HASH. Handling time: 0. Response time: 0.
[NX Daemon Server] - 2023-12-30T08:03:46.401Z - [REQUEST]: Responding to the client. PROCESS_IN_BACKGROUND
[NX Daemon Server] - 2023-12-30T08:03:46.401Z - Done responding to the client PROCESS_IN_BACKGROUND
[NX Daemon Server] - 2023-12-30T08:03:46.401Z - Handled PROCESS_IN_BACKGROUND. Handling time: 14. Response time: 0.
[NX Daemon Server] - 2023-12-30T08:03:46.401Z - Uploading file artifacts
[NX Daemon Server] - 2023-12-30T08:03:46.401Z - Done uploading file artifacts
[NX Daemon Server] - 2023-12-30T08:03:46.401Z - Sending EndRun request
[NX Daemon Server] - 2023-12-30T08:03:46.405Z - Closed a connection. Number of open connections: 0
[NX Daemon Server] - 2023-12-30T08:03:46.549Z - Error when sending EndRun
Error: This workspace is more than a week old and is unclaimed. Workspaces must be claimed within 7 days of creation. Claim your workspace at https://cloud.nx.app/orgs/workspace-setup?accessToken=ODVjMmIyYTItOThhYy00OWU5LWE0ZmQtOTMxOTA4M2I3ZGNkfHJlYWQtd3JpdGU=
    at Timeout._onTimeout (/Users/robertfoerder1/Documents/Finance-App/finance-fe-nx/node_modules/.cache/nx/cloud/2312.28.2/lib/daemon/process-run-end.js:16:5434)
    at process.processTicksAndRejections (node:internal/process/task_queues:95:5)
[NX Daemon Server] - 2023-12-30T08:03:53.579Z - Established a connection. Number of open connections: 1
[NX Daemon Server] - 2023-12-30T08:03:53.579Z - Closed a connection. Number of open connections: 0
[NX Daemon Server] - 2023-12-30T08:03:53.580Z - Established a connection. Number of open connections: 1
[NX Daemon Server] - 2023-12-30T08:03:53.581Z - [REQUEST]: Client Request for Project Graph Received
[NX Daemon Server] - 2023-12-30T08:03:53.581Z - [REQUEST]: Responding to the client. project-graph
[NX Daemon Server] - 2023-12-30T08:03:53.582Z - Time taken for 'total for creating and serializing project graph' 0.04366588592529297ms
[NX Daemon Server] - 2023-12-30T08:03:53.584Z - Done responding to the client project-graph
[NX Daemon Server] - 2023-12-30T08:03:53.584Z - Handled REQUEST_PROJECT_GRAPH. Handling time: 0. Response time: 3.
[NX Daemon Server] - 2023-12-30T08:03:53.618Z - [REQUEST]: Responding to the client. handleHashTasks
[NX Daemon Server] - 2023-12-30T08:03:53.618Z - Done responding to the client handleHashTasks
[NX Daemon Server] - 2023-12-30T08:03:53.618Z - Handled HASH_TASKS. Handling time: 5. Response time: 0.
[NX Daemon Server] - 2023-12-30T08:03:53.666Z - [REQUEST]: Responding to the client. outputsHashesMatch
[NX Daemon Server] - 2023-12-30T08:03:53.666Z - Done responding to the client outputsHashesMatch
[NX Daemon Server] - 2023-12-30T08:03:53.666Z - Handled OUTPUTS_HASHES_MATCH. Handling time: 0. Response time: 0.
[NX Daemon Server] - 2023-12-30T08:03:53.667Z - [REQUEST]: Responding to the client. recordOutputsHash
[NX Daemon Server] - 2023-12-30T08:03:53.667Z - Done responding to the client recordOutputsHash
[NX Daemon Server] - 2023-12-30T08:03:53.667Z - Handled RECORD_OUTPUTS_HASH. Handling time: 0. Response time: 0.
[NX Daemon Server] - 2023-12-30T08:03:53.710Z - [REQUEST]: Responding to the client. PROCESS_IN_BACKGROUND
[NX Daemon Server] - 2023-12-30T08:03:53.710Z - Done responding to the client PROCESS_IN_BACKGROUND
[NX Daemon Server] - 2023-12-30T08:03:53.710Z - Handled PROCESS_IN_BACKGROUND. Handling time: 15. Response time: 0.
[NX Daemon Server] - 2023-12-30T08:03:53.711Z - Uploading file artifacts
[NX Daemon Server] - 2023-12-30T08:03:53.711Z - Done uploading file artifacts
[NX Daemon Server] - 2023-12-30T08:03:53.711Z - Sending EndRun request
[NX Daemon Server] - 2023-12-30T08:03:53.713Z - Closed a connection. Number of open connections: 0
[NX Daemon Server] - 2023-12-30T08:03:53.859Z - Error when sending EndRun
Error: This workspace is more than a week old and is unclaimed. Workspaces must be claimed within 7 days of creation. Claim your workspace at https://cloud.nx.app/orgs/workspace-setup?accessToken=ODVjMmIyYTItOThhYy00OWU5LWE0ZmQtOTMxOTA4M2I3ZGNkfHJlYWQtd3JpdGU=
    at Timeout._onTimeout (/Users/robertfoerder1/Documents/Finance-App/finance-fe-nx/node_modules/.cache/nx/cloud/2312.28.2/lib/daemon/process-run-end.js:16:5434)
    at process.processTicksAndRejections (node:internal/process/task_queues:95:5)
[NX Daemon Server] - 2023-12-30T08:09:43.924Z - [WATCHER]: package.json was modified
[NX Daemon Server] - 2023-12-30T08:09:43.924Z - [WATCHER]: Processing file changes in outputs
[NX Daemon Server] - 2023-12-30T08:09:44.026Z - [REQUEST]: Updated workspace context based on watched changes, recomputing project graph...
[NX Daemon Server] - 2023-12-30T08:09:44.026Z - [REQUEST]: package.json
[NX Daemon Server] - 2023-12-30T08:09:44.026Z - [REQUEST]: 
[NX Daemon Server] - 2023-12-30T08:09:44.073Z - Time taken for 'hash changed files from watcher' 0.3897075653076172ms
[NX Daemon Server] - 2023-12-30T08:10:44.112Z - [WATCHER]: Processing file changes in outputs
[NX Daemon Server] - 2023-12-30T08:10:44.112Z - [WATCHER]: Stopping the watcher for /Users/robertfoerder1/Documents/Finance-App/finance-fe-nx (sources)
[NX Daemon Server] - 2023-12-30T08:10:44.112Z - [WATCHER]: Stopping the watcher for /Users/robertfoerder1/Documents/Finance-App/finance-fe-nx (outputs)
[NX Daemon Server] - 2023-12-30T08:10:44.112Z - Server stopped because: "Lock file changed"
[NX Daemon Server] - 2023-12-30T08:22:24.558Z - Started listening on: /var/folders/69/9mb0l08j2v1bdfbw_n2ysrvm0000gp/T/fa0a6183b0e93f124149/d.sock
[NX Daemon Server] - 2023-12-30T08:22:24.560Z - [WATCHER]: Subscribed to changes within: /Users/robertfoerder1/Documents/Finance-App/finance-fe-nx (native)
[NX Daemon Server] - 2023-12-30T08:22:24.568Z - Established a connection. Number of open connections: 1
[NX Daemon Server] - 2023-12-30T08:22:24.568Z - Established a connection. Number of open connections: 2
[NX Daemon Server] - 2023-12-30T08:22:24.569Z - Closed a connection. Number of open connections: 1
[NX Daemon Server] - 2023-12-30T08:22:24.569Z - [REQUEST]: Client Request for Project Graph Received
[NX Daemon Server] - 2023-12-30T08:22:24.570Z - [REQUEST]: Updated workspace context based on watched changes, recomputing project graph...
[NX Daemon Server] - 2023-12-30T08:22:24.570Z - [REQUEST]: 
[NX Daemon Server] - 2023-12-30T08:22:24.570Z - [REQUEST]: 
[NX Daemon Server] - 2023-12-30T08:22:24.614Z - [REQUEST]: Responding to the client. project-graph
[NX Daemon Server] - 2023-12-30T08:22:24.615Z - Time taken for 'total for creating and serializing project graph' 44.190375328063965ms
[NX Daemon Server] - 2023-12-30T08:22:24.619Z - Done responding to the client project-graph
[NX Daemon Server] - 2023-12-30T08:22:24.619Z - Handled REQUEST_PROJECT_GRAPH. Handling time: 45. Response time: 5.
[NX Daemon Server] - 2023-12-30T08:22:24.662Z - [REQUEST]: Responding to the client. handleHashTasks
[NX Daemon Server] - 2023-12-30T08:22:24.662Z - Done responding to the client handleHashTasks
[NX Daemon Server] - 2023-12-30T08:22:24.662Z - Handled HASH_TASKS. Handling time: 10. Response time: 0.
[NX Daemon Server] - 2023-12-30T08:22:25.606Z - Established a connection. Number of open connections: 2
[NX Daemon Server] - 2023-12-30T08:22:25.606Z - Closed a connection. Number of open connections: 1
[NX Daemon Server] - 2023-12-30T08:22:25.606Z - Established a connection. Number of open connections: 2
[NX Daemon Server] - 2023-12-30T08:22:25.607Z - [REQUEST]: Client Request for Project Graph Received
[NX Daemon Server] - 2023-12-30T08:22:25.607Z - [REQUEST]: Responding to the client. project-graph
[NX Daemon Server] - 2023-12-30T08:22:25.609Z - Time taken for 'total for creating and serializing project graph' 0.14383316040039062ms
[NX Daemon Server] - 2023-12-30T08:22:25.610Z - Done responding to the client project-graph
[NX Daemon Server] - 2023-12-30T08:22:25.610Z - Handled REQUEST_PROJECT_GRAPH. Handling time: 0. Response time: 3.
[NX Daemon Server] - 2023-12-30T08:22:25.614Z - [REQUEST]: Client Request for Project Graph Received
[NX Daemon Server] - 2023-12-30T08:22:25.614Z - [REQUEST]: Responding to the client. project-graph
[NX Daemon Server] - 2023-12-30T08:22:25.615Z - Time taken for 'total for creating and serializing project graph' 0.12099933624267578ms
[NX Daemon Server] - 2023-12-30T08:22:25.616Z - Done responding to the client project-graph
[NX Daemon Server] - 2023-12-30T08:22:25.616Z - Handled REQUEST_PROJECT_GRAPH. Handling time: 0. Response time: 2.
[NX Daemon Server] - 2023-12-30T08:22:26.226Z - [WATCHER]: Processing file changes in outputs
[NX Daemon Server] - 2023-12-30T08:22:29.785Z - [WATCHER]: Processing file changes in outputs
[NX Daemon Server] - 2023-12-30T08:22:30.211Z - [WATCHER]: Processing file changes in outputs
[NX Daemon Server] - 2023-12-30T08:22:30.236Z - Closed a connection. Number of open connections: 1
[NX Daemon Server] - 2023-12-30T08:22:30.238Z - [REQUEST]: Responding to the client. recordOutputsHash
[NX Daemon Server] - 2023-12-30T08:22:30.238Z - Done responding to the client recordOutputsHash
[NX Daemon Server] - 2023-12-30T08:22:30.238Z - Handled RECORD_OUTPUTS_HASH. Handling time: 1. Response time: 0.
[NX Daemon Server] - 2023-12-30T08:22:30.262Z - [WATCHER]: Processing file changes in outputs
[NX Daemon Server] - 2023-12-30T08:22:30.327Z - [REQUEST]: Responding to the client. PROCESS_IN_BACKGROUND
[NX Daemon Server] - 2023-12-30T08:22:30.327Z - Done responding to the client PROCESS_IN_BACKGROUND
[NX Daemon Server] - 2023-12-30T08:22:30.327Z - Handled PROCESS_IN_BACKGROUND. Handling time: 40. Response time: 0.
[NX Daemon Server] - 2023-12-30T08:22:30.328Z - Uploading file artifacts
[NX Daemon Server] - 2023-12-30T08:22:30.328Z - Done uploading file artifacts
[NX Daemon Server] - 2023-12-30T08:22:30.328Z - Sending EndRun request
[NX Daemon Server] - 2023-12-30T08:22:30.355Z - Closed a connection. Number of open connections: 0
[NX Daemon Server] - 2023-12-30T08:22:30.502Z - Error when sending EndRun
Error: This workspace is more than a week old and is unclaimed. Workspaces must be claimed within 7 days of creation. Claim your workspace at https://cloud.nx.app/orgs/workspace-setup?accessToken=ODVjMmIyYTItOThhYy00OWU5LWE0ZmQtOTMxOTA4M2I3ZGNkfHJlYWQtd3JpdGU=
    at Timeout._onTimeout (/Users/robertfoerder1/Documents/Finance-App/finance-fe-nx/node_modules/.cache/nx/cloud/2312.28.2/lib/daemon/process-run-end.js:16:5434)
    at process.processTicksAndRejections (node:internal/process/task_queues:95:5)
[NX Daemon Server] - 2023-12-30T08:41:30.371Z - [WATCHER]: package.json was modified
[NX Daemon Server] - 2023-12-30T08:41:30.373Z - [WATCHER]: Processing file changes in outputs
[NX Daemon Server] - 2023-12-30T08:41:30.474Z - [REQUEST]: Updated workspace context based on watched changes, recomputing project graph...
[NX Daemon Server] - 2023-12-30T08:41:30.475Z - [REQUEST]: package.json
[NX Daemon Server] - 2023-12-30T08:41:30.475Z - [REQUEST]: 
[NX Daemon Server] - 2023-12-30T08:41:30.511Z - Time taken for 'hash changed files from watcher' 0.3302927017211914ms
[NX Daemon Server] - 2023-12-30T08:43:15.009Z - [WATCHER]: Processing file changes in outputs
[NX Daemon Server] - 2023-12-30T08:43:15.009Z - [WATCHER]: Stopping the watcher for /Users/robertfoerder1/Documents/Finance-App/finance-fe-nx (sources)
[NX Daemon Server] - 2023-12-30T08:43:15.009Z - [WATCHER]: Stopping the watcher for /Users/robertfoerder1/Documents/Finance-App/finance-fe-nx (outputs)
[NX Daemon Server] - 2023-12-30T08:43:15.009Z - Server stopped because: "Lock file changed"
[NX Daemon Server] - 2023-12-30T09:14:24.833Z - Started listening on: /var/folders/69/9mb0l08j2v1bdfbw_n2ysrvm0000gp/T/fa0a6183b0e93f124149/d.sock
[NX Daemon Server] - 2023-12-30T09:14:24.835Z - [WATCHER]: Subscribed to changes within: /Users/robertfoerder1/Documents/Finance-App/finance-fe-nx (native)
[NX Daemon Server] - 2023-12-30T09:14:24.835Z - Established a connection. Number of open connections: 1
[NX Daemon Server] - 2023-12-30T09:14:24.836Z - Established a connection. Number of open connections: 2
[NX Daemon Server] - 2023-12-30T09:14:24.837Z - [REQUEST]: Client Request for Project Graph Received
[NX Daemon Server] - 2023-12-30T09:14:24.838Z - [REQUEST]: Updated workspace context based on watched changes, recomputing project graph...
[NX Daemon Server] - 2023-12-30T09:14:24.838Z - [REQUEST]: 
[NX Daemon Server] - 2023-12-30T09:14:24.838Z - [REQUEST]: 
[NX Daemon Server] - 2023-12-30T09:14:24.882Z - [REQUEST]: Responding to the client. project-graph
[NX Daemon Server] - 2023-12-30T09:14:24.884Z - Time taken for 'total for creating and serializing project graph' 44.82525062561035ms
[NX Daemon Server] - 2023-12-30T09:14:24.884Z - Closed a connection. Number of open connections: 1
[NX Daemon Server] - 2023-12-30T09:14:24.887Z - Done responding to the client project-graph
[NX Daemon Server] - 2023-12-30T09:14:24.887Z - Handled REQUEST_PROJECT_GRAPH. Handling time: 45. Response time: 5.
[NX Daemon Server] - 2023-12-30T09:14:24.927Z - [REQUEST]: Responding to the client. handleHashTasks
[NX Daemon Server] - 2023-12-30T09:14:24.927Z - Done responding to the client handleHashTasks
[NX Daemon Server] - 2023-12-30T09:14:24.927Z - Handled HASH_TASKS. Handling time: 9. Response time: 0.
[NX Daemon Server] - 2023-12-30T09:14:25.781Z - Established a connection. Number of open connections: 2
[NX Daemon Server] - 2023-12-30T09:14:25.781Z - Closed a connection. Number of open connections: 1
[NX Daemon Server] - 2023-12-30T09:14:25.781Z - Established a connection. Number of open connections: 2
[NX Daemon Server] - 2023-12-30T09:14:25.782Z - [REQUEST]: Client Request for Project Graph Received
[NX Daemon Server] - 2023-12-30T09:14:25.782Z - [REQUEST]: Responding to the client. project-graph
[NX Daemon Server] - 2023-12-30T09:14:25.784Z - Time taken for 'total for creating and serializing project graph' 0.14583301544189453ms
[NX Daemon Server] - 2023-12-30T09:14:25.785Z - Done responding to the client project-graph
[NX Daemon Server] - 2023-12-30T09:14:25.785Z - Handled REQUEST_PROJECT_GRAPH. Handling time: 0. Response time: 3.
[NX Daemon Server] - 2023-12-30T09:14:25.789Z - [REQUEST]: Client Request for Project Graph Received
[NX Daemon Server] - 2023-12-30T09:14:25.789Z - [REQUEST]: Responding to the client. project-graph
[NX Daemon Server] - 2023-12-30T09:14:25.790Z - Time taken for 'total for creating and serializing project graph' 0.09787464141845703ms
[NX Daemon Server] - 2023-12-30T09:14:25.791Z - Done responding to the client project-graph
[NX Daemon Server] - 2023-12-30T09:14:25.791Z - Handled REQUEST_PROJECT_GRAPH. Handling time: 0. Response time: 2.
[NX Daemon Server] - 2023-12-30T09:14:26.378Z - [WATCHER]: Processing file changes in outputs
[NX Daemon Server] - 2023-12-30T09:14:28.677Z - [WATCHER]: Processing file changes in outputs
[NX Daemon Server] - 2023-12-30T09:14:33.389Z - [WATCHER]: Processing file changes in outputs
[NX Daemon Server] - 2023-12-30T09:14:33.986Z - [WATCHER]: Processing file changes in outputs
[NX Daemon Server] - 2023-12-30T09:14:34.011Z - Closed a connection. Number of open connections: 1
[NX Daemon Server] - 2023-12-30T09:14:34.013Z - [REQUEST]: Responding to the client. recordOutputsHash
[NX Daemon Server] - 2023-12-30T09:14:34.013Z - Done responding to the client recordOutputsHash
[NX Daemon Server] - 2023-12-30T09:14:34.013Z - Handled RECORD_OUTPUTS_HASH. Handling time: 1. Response time: 0.
[NX Daemon Server] - 2023-12-30T09:14:34.045Z - [WATCHER]: Processing file changes in outputs
[NX Daemon Server] - 2023-12-30T09:14:34.104Z - [REQUEST]: Responding to the client. PROCESS_IN_BACKGROUND
[NX Daemon Server] - 2023-12-30T09:14:34.104Z - Done responding to the client PROCESS_IN_BACKGROUND
[NX Daemon Server] - 2023-12-30T09:14:34.104Z - Handled PROCESS_IN_BACKGROUND. Handling time: 42. Response time: 0.
[NX Daemon Server] - 2023-12-30T09:14:34.106Z - Uploading file artifacts
[NX Daemon Server] - 2023-12-30T09:14:34.106Z - Done uploading file artifacts
[NX Daemon Server] - 2023-12-30T09:14:34.106Z - Sending EndRun request
[NX Daemon Server] - 2023-12-30T09:14:34.130Z - Closed a connection. Number of open connections: 0
[NX Daemon Server] - 2023-12-30T09:14:34.279Z - Error when sending EndRun
Error: This workspace is more than a week old and is unclaimed. Workspaces must be claimed within 7 days of creation. Claim your workspace at https://cloud.nx.app/orgs/workspace-setup?accessToken=ODVjMmIyYTItOThhYy00OWU5LWE0ZmQtOTMxOTA4M2I3ZGNkfHJlYWQtd3JpdGU=
    at Timeout._onTimeout (/Users/robertfoerder1/Documents/Finance-App/finance-fe-nx/node_modules/.cache/nx/cloud/2312.28.2/lib/daemon/process-run-end.js:16:5434)
    at process.processTicksAndRejections (node:internal/process/task_queues:95:5)
[NX Daemon Server] - 2023-12-30T09:15:47.415Z - [WATCHER]: .gitignore was modified
[NX Daemon Server] - 2023-12-30T09:15:47.416Z - [WATCHER]: Processing file changes in outputs
[NX Daemon Server] - 2023-12-30T09:15:47.416Z - [WATCHER]: Stopping the watcher for /Users/robertfoerder1/Documents/Finance-App/finance-fe-nx (sources)
[NX Daemon Server] - 2023-12-30T09:15:47.416Z - [WATCHER]: Stopping the watcher for /Users/robertfoerder1/Documents/Finance-App/finance-fe-nx (outputs)
[NX Daemon Server] - 2023-12-30T09:15:47.416Z - Server stopped because: "Stopping the daemon the set of ignored files changed (native)"
[NX Daemon Server] - 2023-12-31T06:36:03.831Z - Started listening on: /var/folders/69/9mb0l08j2v1bdfbw_n2ysrvm0000gp/T/fa0a6183b0e93f124149/d.sock
[NX Daemon Server] - 2023-12-31T06:36:03.833Z - [WATCHER]: Subscribed to changes within: /Users/robertfoerder1/Documents/Finance-App/finance-fe-nx (native)
[NX Daemon Server] - 2023-12-31T06:36:03.834Z - Established a connection. Number of open connections: 1
[NX Daemon Server] - 2023-12-31T06:36:03.834Z - Established a connection. Number of open connections: 2
[NX Daemon Server] - 2023-12-31T06:36:03.835Z - [REQUEST]: Client Request for Project Graph Received
[NX Daemon Server] - 2023-12-31T06:36:03.836Z - [REQUEST]: Updated workspace context based on watched changes, recomputing project graph...
[NX Daemon Server] - 2023-12-31T06:36:03.836Z - [REQUEST]: 
[NX Daemon Server] - 2023-12-31T06:36:03.836Z - [REQUEST]: 
[NX Daemon Server] - 2023-12-31T06:36:03.895Z - [REQUEST]: Responding to the client. project-graph
[NX Daemon Server] - 2023-12-31T06:36:03.897Z - Time taken for 'total for creating and serializing project graph' 59.722707748413086ms
[NX Daemon Server] - 2023-12-31T06:36:03.897Z - Closed a connection. Number of open connections: 1
[NX Daemon Server] - 2023-12-31T06:36:03.900Z - Done responding to the client project-graph
[NX Daemon Server] - 2023-12-31T06:36:03.900Z - Handled REQUEST_PROJECT_GRAPH. Handling time: 60. Response time: 5.
[NX Daemon Server] - 2023-12-31T06:36:03.928Z - [REQUEST]: Responding to the client. handleHashTasks
[NX Daemon Server] - 2023-12-31T06:36:03.928Z - Done responding to the client handleHashTasks
[NX Daemon Server] - 2023-12-31T06:36:03.928Z - Handled HASH_TASKS. Handling time: 9. Response time: 0.
[NX Daemon Server] - 2023-12-31T06:36:04.209Z - Established a connection. Number of open connections: 2
[NX Daemon Server] - 2023-12-31T06:36:04.209Z - Closed a connection. Number of open connections: 1
[NX Daemon Server] - 2023-12-31T06:36:04.209Z - Established a connection. Number of open connections: 2
[NX Daemon Server] - 2023-12-31T06:36:04.210Z - [REQUEST]: Client Request for Project Graph Received
[NX Daemon Server] - 2023-12-31T06:36:04.210Z - [REQUEST]: Responding to the client. project-graph
[NX Daemon Server] - 2023-12-31T06:36:04.211Z - Time taken for 'total for creating and serializing project graph' 0.15766620635986328ms
[NX Daemon Server] - 2023-12-31T06:36:04.213Z - Done responding to the client project-graph
[NX Daemon Server] - 2023-12-31T06:36:04.213Z - Handled REQUEST_PROJECT_GRAPH. Handling time: 0. Response time: 3.
[NX Daemon Server] - 2023-12-31T06:36:04.216Z - [REQUEST]: Client Request for Project Graph Received
[NX Daemon Server] - 2023-12-31T06:36:04.216Z - [REQUEST]: Responding to the client. project-graph
[NX Daemon Server] - 2023-12-31T06:36:04.218Z - Time taken for 'total for creating and serializing project graph' 0.11387443542480469ms
[NX Daemon Server] - 2023-12-31T06:36:04.218Z - Done responding to the client project-graph
[NX Daemon Server] - 2023-12-31T06:36:04.218Z - Handled REQUEST_PROJECT_GRAPH. Handling time: 0. Response time: 2.
[NX Daemon Server] - 2023-12-31T06:36:05.114Z - [WATCHER]: Processing file changes in outputs
[NX Daemon Server] - 2023-12-31T06:36:08.115Z - [WATCHER]: Processing file changes in outputs
[NX Daemon Server] - 2023-12-31T06:36:08.290Z - [WATCHER]: Processing file changes in outputs
[NX Daemon Server] - 2023-12-31T06:36:08.331Z - Closed a connection. Number of open connections: 1
[NX Daemon Server] - 2023-12-31T06:36:08.332Z - [REQUEST]: Responding to the client. recordOutputsHash
[NX Daemon Server] - 2023-12-31T06:36:08.333Z - Done responding to the client recordOutputsHash
[NX Daemon Server] - 2023-12-31T06:36:08.333Z - Handled RECORD_OUTPUTS_HASH. Handling time: 0. Response time: 1.
[NX Daemon Server] - 2023-12-31T06:36:08.338Z - Closed a connection. Number of open connections: 0
[NX Daemon Server] - 2023-12-31T06:36:08.365Z - [WATCHER]: Processing file changes in outputs
[NX Daemon Server] - 2023-12-31T06:36:30.683Z - [WATCHER]: nx.json was modified
[NX Daemon Server] - 2023-12-31T06:36:30.683Z - [WATCHER]: Processing file changes in outputs
[NX Daemon Server] - 2023-12-31T06:36:30.785Z - [REQUEST]: Updated workspace context based on watched changes, recomputing project graph...
[NX Daemon Server] - 2023-12-31T06:36:30.785Z - [REQUEST]: nx.json
[NX Daemon Server] - 2023-12-31T06:36:30.785Z - [REQUEST]: 
[NX Daemon Server] - 2023-12-31T06:36:30.830Z - Time taken for 'hash changed files from watcher' 0.48479270935058594ms
[NX Daemon Server] - 2023-12-31T06:36:36.152Z - Established a connection. Number of open connections: 1
[NX Daemon Server] - 2023-12-31T06:36:36.153Z - Closed a connection. Number of open connections: 0
[NX Daemon Server] - 2023-12-31T06:36:36.153Z - Established a connection. Number of open connections: 1
[NX Daemon Server] - 2023-12-31T06:36:36.154Z - [REQUEST]: Client Request for Project Graph Received
[NX Daemon Server] - 2023-12-31T06:36:36.154Z - [REQUEST]: Responding to the client. project-graph
[NX Daemon Server] - 2023-12-31T06:36:36.156Z - Time taken for 'total for creating and serializing project graph' 0.10633373260498047ms
[NX Daemon Server] - 2023-12-31T06:36:36.157Z - Done responding to the client project-graph
[NX Daemon Server] - 2023-12-31T06:36:36.157Z - Handled REQUEST_PROJECT_GRAPH. Handling time: 0. Response time: 3.
[NX Daemon Server] - 2023-12-31T06:36:36.176Z - [REQUEST]: Responding to the client. handleHashTasks
[NX Daemon Server] - 2023-12-31T06:36:36.177Z - Done responding to the client handleHashTasks
[NX Daemon Server] - 2023-12-31T06:36:36.177Z - Handled HASH_TASKS. Handling time: 9. Response time: 1.
[NX Daemon Server] - 2023-12-31T06:36:36.320Z - Established a connection. Number of open connections: 2
[NX Daemon Server] - 2023-12-31T06:36:36.321Z - Closed a connection. Number of open connections: 1
[NX Daemon Server] - 2023-12-31T06:36:36.321Z - Established a connection. Number of open connections: 2
[NX Daemon Server] - 2023-12-31T06:36:36.322Z - [REQUEST]: Client Request for Project Graph Received
[NX Daemon Server] - 2023-12-31T06:36:36.322Z - [REQUEST]: Responding to the client. project-graph
[NX Daemon Server] - 2023-12-31T06:36:36.323Z - Time taken for 'total for creating and serializing project graph' 0.054999351501464844ms
[NX Daemon Server] - 2023-12-31T06:36:36.325Z - Done responding to the client project-graph
[NX Daemon Server] - 2023-12-31T06:36:36.325Z - Handled REQUEST_PROJECT_GRAPH. Handling time: 0. Response time: 3.
[NX Daemon Server] - 2023-12-31T06:36:36.328Z - [REQUEST]: Client Request for Project Graph Received
[NX Daemon Server] - 2023-12-31T06:36:36.328Z - [REQUEST]: Responding to the client. project-graph
[NX Daemon Server] - 2023-12-31T06:36:36.330Z - Time taken for 'total for creating and serializing project graph' 0.044750213623046875ms
[NX Daemon Server] - 2023-12-31T06:36:36.331Z - Done responding to the client project-graph
[NX Daemon Server] - 2023-12-31T06:36:36.331Z - Handled REQUEST_PROJECT_GRAPH. Handling time: 0. Response time: 3.
[NX Daemon Server] - 2023-12-31T06:36:36.908Z - [WATCHER]: Processing file changes in outputs
[NX Daemon Server] - 2023-12-31T06:36:39.682Z - [WATCHER]: Processing file changes in outputs
[NX Daemon Server] - 2023-12-31T06:36:39.706Z - Closed a connection. Number of open connections: 1
[NX Daemon Server] - 2023-12-31T06:36:39.707Z - [REQUEST]: Responding to the client. recordOutputsHash
[NX Daemon Server] - 2023-12-31T06:36:39.707Z - Done responding to the client recordOutputsHash
[NX Daemon Server] - 2023-12-31T06:36:39.707Z - Handled RECORD_OUTPUTS_HASH. Handling time: 0. Response time: 0.
[NX Daemon Server] - 2023-12-31T06:36:39.712Z - Closed a connection. Number of open connections: 0
[NX Daemon Server] - 2023-12-31T06:36:39.747Z - [WATCHER]: Processing file changes in outputs
[NX Daemon Server] - 2023-12-31T06:37:09.578Z - [WATCHER]: .gitignore was modified
[NX Daemon Server] - 2023-12-31T06:37:09.578Z - [WATCHER]: Processing file changes in outputs
[NX Daemon Server] - 2023-12-31T06:37:09.578Z - [WATCHER]: Stopping the watcher for /Users/robertfoerder1/Documents/Finance-App/finance-fe-nx (sources)
[NX Daemon Server] - 2023-12-31T06:37:09.578Z - [WATCHER]: Stopping the watcher for /Users/robertfoerder1/Documents/Finance-App/finance-fe-nx (outputs)
[NX Daemon Server] - 2023-12-31T06:37:09.578Z - Server stopped because: "Stopping the daemon the set of ignored files changed (native)"
[NX Daemon Server] - 2023-12-31T06:40:53.402Z - Started listening on: /var/folders/69/9mb0l08j2v1bdfbw_n2ysrvm0000gp/T/fa0a6183b0e93f124149/d.sock
[NX Daemon Server] - 2023-12-31T06:40:53.403Z - [WATCHER]: Subscribed to changes within: /Users/robertfoerder1/Documents/Finance-App/finance-fe-nx (native)
[NX Daemon Server] - 2023-12-31T06:40:53.407Z - Established a connection. Number of open connections: 1
[NX Daemon Server] - 2023-12-31T06:40:53.408Z - Established a connection. Number of open connections: 2
[NX Daemon Server] - 2023-12-31T06:40:53.408Z - Closed a connection. Number of open connections: 1
[NX Daemon Server] - 2023-12-31T06:40:53.409Z - [REQUEST]: Client Request for Project Graph Received
[NX Daemon Server] - 2023-12-31T06:40:53.409Z - [REQUEST]: Updated workspace context based on watched changes, recomputing project graph...
[NX Daemon Server] - 2023-12-31T06:40:53.409Z - [REQUEST]: 
[NX Daemon Server] - 2023-12-31T06:40:53.409Z - [REQUEST]: 
[NX Daemon Server] - 2023-12-31T06:40:53.456Z - [REQUEST]: Responding to the client. project-graph
[NX Daemon Server] - 2023-12-31T06:40:53.458Z - Time taken for 'total for creating and serializing project graph' 47.14520740509033ms
[NX Daemon Server] - 2023-12-31T06:40:53.462Z - Done responding to the client project-graph
[NX Daemon Server] - 2023-12-31T06:40:53.462Z - Handled REQUEST_PROJECT_GRAPH. Handling time: 47. Response time: 6.
[NX Daemon Server] - 2023-12-31T06:40:53.464Z - [WATCHER]: .nx/cache/d/server-process.json was created or restored
[NX Daemon Server] - 2023-12-31T06:40:53.471Z - [REQUEST]: Updated workspace context based on watched changes, recomputing project graph...
[NX Daemon Server] - 2023-12-31T06:40:53.471Z - [REQUEST]: .nx/cache/d/server-process.json
[NX Daemon Server] - 2023-12-31T06:40:53.471Z - [REQUEST]: 
[NX Daemon Server] - 2023-12-31T06:40:53.500Z - [REQUEST]: Responding to the client. handleHashTasks
[NX Daemon Server] - 2023-12-31T06:40:53.501Z - Time taken for 'hash changed files from watcher' 0.1617908477783203ms
[NX Daemon Server] - 2023-12-31T06:40:53.501Z - Done responding to the client handleHashTasks
[NX Daemon Server] - 2023-12-31T06:40:53.501Z - Handled HASH_TASKS. Handling time: 29. Response time: 1.
[NX Daemon Server] - 2023-12-31T06:40:53.655Z - Established a connection. Number of open connections: 2
[NX Daemon Server] - 2023-12-31T06:40:53.656Z - Closed a connection. Number of open connections: 1
[NX Daemon Server] - 2023-12-31T06:40:53.656Z - Established a connection. Number of open connections: 2
[NX Daemon Server] - 2023-12-31T06:40:53.657Z - [REQUEST]: Client Request for Project Graph Received
[NX Daemon Server] - 2023-12-31T06:40:53.657Z - [REQUEST]: Responding to the client. project-graph
[NX Daemon Server] - 2023-12-31T06:40:53.658Z - Time taken for 'total for creating and serializing project graph' 0.14470767974853516ms
[NX Daemon Server] - 2023-12-31T06:40:53.660Z - Done responding to the client project-graph
[NX Daemon Server] - 2023-12-31T06:40:53.660Z - Handled REQUEST_PROJECT_GRAPH. Handling time: 0. Response time: 3.
[NX Daemon Server] - 2023-12-31T06:40:53.664Z - [REQUEST]: Client Request for Project Graph Received
[NX Daemon Server] - 2023-12-31T06:40:53.664Z - [REQUEST]: Responding to the client. project-graph
[NX Daemon Server] - 2023-12-31T06:40:53.665Z - Time taken for 'total for creating and serializing project graph' 0.1369161605834961ms
[NX Daemon Server] - 2023-12-31T06:40:53.666Z - Done responding to the client project-graph
[NX Daemon Server] - 2023-12-31T06:40:53.666Z - Handled REQUEST_PROJECT_GRAPH. Handling time: 0. Response time: 2.
[NX Daemon Server] - 2023-12-31T06:47:09.890Z - [WATCHER]: .gitignore was modified
[NX Daemon Server] - 2023-12-31T06:47:09.891Z - [WATCHER]: Processing file changes in outputs
[NX Daemon Server] - 2023-12-31T06:47:09.891Z - [WATCHER]: Stopping the watcher for /Users/robertfoerder1/Documents/Finance-App/finance-fe-nx (sources)
[NX Daemon Server] - 2023-12-31T06:47:09.891Z - [WATCHER]: Stopping the watcher for /Users/robertfoerder1/Documents/Finance-App/finance-fe-nx (outputs)
[NX Daemon Server] - 2023-12-31T06:47:09.891Z - Server stopped because: "Stopping the daemon the set of ignored files changed (native)"
[NX Daemon Server] - 2023-12-31T07:05:11.181Z - Started listening on: /var/folders/69/9mb0l08j2v1bdfbw_n2ysrvm0000gp/T/fa0a6183b0e93f124149/d.sock
[NX Daemon Server] - 2023-12-31T07:05:11.183Z - [WATCHER]: Subscribed to changes within: /Users/robertfoerder1/Documents/Finance-App/finance-fe-nx (native)
[NX Daemon Server] - 2023-12-31T07:05:11.192Z - Established a connection. Number of open connections: 1
[NX Daemon Server] - 2023-12-31T07:05:11.192Z - Established a connection. Number of open connections: 2
[NX Daemon Server] - 2023-12-31T07:05:11.193Z - Closed a connection. Number of open connections: 1
[NX Daemon Server] - 2023-12-31T07:05:11.194Z - [REQUEST]: Client Request for Project Graph Received
[NX Daemon Server] - 2023-12-31T07:05:11.194Z - [REQUEST]: Updated workspace context based on watched changes, recomputing project graph...
[NX Daemon Server] - 2023-12-31T07:05:11.194Z - [REQUEST]: 
[NX Daemon Server] - 2023-12-31T07:05:11.194Z - [REQUEST]: 
[NX Daemon Server] - 2023-12-31T07:05:11.248Z - [REQUEST]: Responding to the client. project-graph
[NX Daemon Server] - 2023-12-31T07:05:11.250Z - Time taken for 'total for creating and serializing project graph' 54.621707916259766ms
[NX Daemon Server] - 2023-12-31T07:05:11.251Z - [WATCHER]: .nx/cache/d/server-process.json was created or restored
[NX Daemon Server] - 2023-12-31T07:05:11.254Z - Done responding to the client project-graph
[NX Daemon Server] - 2023-12-31T07:05:11.255Z - Handled REQUEST_PROJECT_GRAPH. Handling time: 54. Response time: 7.
[NX Daemon Server] - 2023-12-31T07:05:11.266Z - [REQUEST]: Updated workspace context based on watched changes, recomputing project graph...
[NX Daemon Server] - 2023-12-31T07:05:11.266Z - [REQUEST]: .nx/cache/d/server-process.json
[NX Daemon Server] - 2023-12-31T07:05:11.266Z - [REQUEST]: 
[NX Daemon Server] - 2023-12-31T07:05:11.296Z - [REQUEST]: Responding to the client. handleHashTasks
[NX Daemon Server] - 2023-12-31T07:05:11.297Z - Time taken for 'hash changed files from watcher' 0.1485424041748047ms
[NX Daemon Server] - 2023-12-31T07:05:11.297Z - Done responding to the client handleHashTasks
[NX Daemon Server] - 2023-12-31T07:05:11.297Z - Handled HASH_TASKS. Handling time: 30. Response time: 1.
[NX Daemon Server] - 2023-12-31T07:05:11.470Z - Established a connection. Number of open connections: 2
[NX Daemon Server] - 2023-12-31T07:05:11.470Z - Closed a connection. Number of open connections: 1
[NX Daemon Server] - 2023-12-31T07:05:11.471Z - Established a connection. Number of open connections: 2
[NX Daemon Server] - 2023-12-31T07:05:11.471Z - [REQUEST]: Client Request for Project Graph Received
[NX Daemon Server] - 2023-12-31T07:05:11.471Z - [REQUEST]: Responding to the client. project-graph
[NX Daemon Server] - 2023-12-31T07:05:11.473Z - Time taken for 'total for creating and serializing project graph' 0.12041568756103516ms
[NX Daemon Server] - 2023-12-31T07:05:11.474Z - Done responding to the client project-graph
[NX Daemon Server] - 2023-12-31T07:05:11.474Z - Handled REQUEST_PROJECT_GRAPH. Handling time: 0. Response time: 3.
[NX Daemon Server] - 2023-12-31T07:05:11.478Z - [REQUEST]: Client Request for Project Graph Received
[NX Daemon Server] - 2023-12-31T07:05:11.478Z - [REQUEST]: Responding to the client. project-graph
[NX Daemon Server] - 2023-12-31T07:05:11.479Z - Time taken for 'total for creating and serializing project graph' 0.11591625213623047ms
[NX Daemon Server] - 2023-12-31T07:05:11.480Z - Done responding to the client project-graph
[NX Daemon Server] - 2023-12-31T07:05:11.480Z - Handled REQUEST_PROJECT_GRAPH. Handling time: 0. Response time: 2.
[NX Daemon Server] - 2023-12-31T07:05:14.374Z - [WATCHER]: Processing file changes in outputs
[NX Daemon Server] - 2023-12-31T07:05:14.504Z - [WATCHER]: Processing file changes in outputs
[NX Daemon Server] - 2023-12-31T07:05:16.105Z - [WATCHER]: Processing file changes in outputs
[NX Daemon Server] - 2023-12-31T07:14:25.147Z - Established a connection. Number of open connections: 3
[NX Daemon Server] - 2023-12-31T07:14:25.147Z - Established a connection. Number of open connections: 4
[NX Daemon Server] - 2023-12-31T07:14:25.147Z - Closed a connection. Number of open connections: 3
[NX Daemon Server] - 2023-12-31T07:14:25.148Z - [REQUEST]: Responding to the client. recordOutputsHash
[NX Daemon Server] - 2023-12-31T07:14:25.148Z - Done responding to the client recordOutputsHash
[NX Daemon Server] - 2023-12-31T07:14:25.148Z - Handled RECORD_OUTPUTS_HASH. Handling time: 0. Response time: 0.
[NX Daemon Server] - 2023-12-31T07:14:25.163Z - Closed a connection. Number of open connections: 2
[NX Daemon Server] - 2023-12-31T07:14:25.164Z - [REQUEST]: Responding to the client. recordOutputsHash
[NX Daemon Server] - 2023-12-31T07:14:25.164Z - Done responding to the client recordOutputsHash
[NX Daemon Server] - 2023-12-31T07:14:25.164Z - Handled RECORD_OUTPUTS_HASH. Handling time: 0. Response time: 0.
[NX Daemon Server] - 2023-12-31T07:14:38.718Z - [WATCHER]: .vscode/settings.json was modified
[NX Daemon Server] - 2023-12-31T07:14:38.719Z - [WATCHER]: Processing file changes in outputs
[NX Daemon Server] - 2023-12-31T07:14:38.819Z - [REQUEST]: Updated workspace context based on watched changes, recomputing project graph...
[NX Daemon Server] - 2023-12-31T07:14:38.819Z - [REQUEST]: .vscode/settings.json
[NX Daemon Server] - 2023-12-31T07:14:38.819Z - [REQUEST]: 
[NX Daemon Server] - 2023-12-31T07:14:38.869Z - Time taken for 'hash changed files from watcher' 0.514124870300293ms
[NX Daemon Server] - 2023-12-31T07:14:40.924Z - Established a connection. Number of open connections: 3
[NX Daemon Server] - 2023-12-31T07:14:40.925Z - Closed a connection. Number of open connections: 2
[NX Daemon Server] - 2023-12-31T07:14:40.925Z - Established a connection. Number of open connections: 3
[NX Daemon Server] - 2023-12-31T07:14:40.926Z - [REQUEST]: Client Request for Project Graph Received
[NX Daemon Server] - 2023-12-31T07:14:40.926Z - [REQUEST]: Responding to the client. project-graph
[NX Daemon Server] - 2023-12-31T07:14:40.930Z - Time taken for 'total for creating and serializing project graph' 0.1686248779296875ms
[NX Daemon Server] - 2023-12-31T07:14:40.932Z - Done responding to the client project-graph
[NX Daemon Server] - 2023-12-31T07:14:40.932Z - Handled REQUEST_PROJECT_GRAPH. Handling time: 0. Response time: 6.
[NX Daemon Server] - 2023-12-31T07:14:40.969Z - [REQUEST]: Responding to the client. handleHashTasks
[NX Daemon Server] - 2023-12-31T07:14:40.969Z - Done responding to the client handleHashTasks
[NX Daemon Server] - 2023-12-31T07:14:40.969Z - Handled HASH_TASKS. Handling time: 27. Response time: 0.
[NX Daemon Server] - 2023-12-31T07:14:41.122Z - Established a connection. Number of open connections: 4
[NX Daemon Server] - 2023-12-31T07:14:41.122Z - Established a connection. Number of open connections: 5
[NX Daemon Server] - 2023-12-31T07:14:41.122Z - Closed a connection. Number of open connections: 4
[NX Daemon Server] - 2023-12-31T07:14:41.124Z - [REQUEST]: Client Request for Project Graph Received
[NX Daemon Server] - 2023-12-31T07:14:41.124Z - [REQUEST]: Responding to the client. project-graph
[NX Daemon Server] - 2023-12-31T07:14:41.128Z - Time taken for 'total for creating and serializing project graph' 0.22574996948242188ms
[NX Daemon Server] - 2023-12-31T07:14:41.130Z - Done responding to the client project-graph
[NX Daemon Server] - 2023-12-31T07:14:41.130Z - Handled REQUEST_PROJECT_GRAPH. Handling time: 0. Response time: 6.
[NX Daemon Server] - 2023-12-31T07:14:41.134Z - [REQUEST]: Client Request for Project Graph Received
[NX Daemon Server] - 2023-12-31T07:14:41.134Z - [REQUEST]: Responding to the client. project-graph
[NX Daemon Server] - 2023-12-31T07:14:41.138Z - Time taken for 'total for creating and serializing project graph' 0.12287521362304688ms
[NX Daemon Server] - 2023-12-31T07:14:41.140Z - Done responding to the client project-graph
[NX Daemon Server] - 2023-12-31T07:14:41.140Z - Handled REQUEST_PROJECT_GRAPH. Handling time: 0. Response time: 6.
[NX Daemon Server] - 2023-12-31T07:14:44.766Z - [WATCHER]: Processing file changes in outputs
[NX Daemon Server] - 2023-12-31T07:16:33.441Z - [WATCHER]: Processing file changes in outputs
[NX Daemon Server] - 2023-12-31T07:16:33.443Z - [WATCHER]: .vscode/settings.json was created or restored
[NX Daemon Server] - 2023-12-31T07:16:33.545Z - [REQUEST]: Updated workspace context based on watched changes, recomputing project graph...
[NX Daemon Server] - 2023-12-31T07:16:33.545Z - [REQUEST]: .vscode/settings.json
[NX Daemon Server] - 2023-12-31T07:16:33.545Z - [REQUEST]: 
[NX Daemon Server] - 2023-12-31T07:16:33.599Z - Time taken for 'hash changed files from watcher' 0.6761674880981445ms
[NX Daemon Server] - 2023-12-31T07:16:50.056Z - Established a connection. Number of open connections: 5
[NX Daemon Server] - 2023-12-31T07:16:50.056Z - Established a connection. Number of open connections: 6
[NX Daemon Server] - 2023-12-31T07:16:50.057Z - Closed a connection. Number of open connections: 5
[NX Daemon Server] - 2023-12-31T07:16:50.058Z - [REQUEST]: Client Request for Project Graph Received
[NX Daemon Server] - 2023-12-31T07:16:50.058Z - [REQUEST]: Responding to the client. project-graph
[NX Daemon Server] - 2023-12-31T07:16:50.063Z - Time taken for 'total for creating and serializing project graph' 0.3164997100830078ms
[NX Daemon Server] - 2023-12-31T07:16:50.067Z - Done responding to the client project-graph
[NX Daemon Server] - 2023-12-31T07:16:50.067Z - Handled REQUEST_PROJECT_GRAPH. Handling time: 0. Response time: 9.
[NX Daemon Server] - 2023-12-31T07:16:50.107Z - [REQUEST]: Responding to the client. handleHashTasks
[NX Daemon Server] - 2023-12-31T07:16:50.107Z - Done responding to the client handleHashTasks
[NX Daemon Server] - 2023-12-31T07:16:50.107Z - Handled HASH_TASKS. Handling time: 29. Response time: 0.
[NX Daemon Server] - 2023-12-31T07:16:50.253Z - Established a connection. Number of open connections: 6
[NX Daemon Server] - 2023-12-31T07:16:50.254Z - Established a connection. Number of open connections: 7
[NX Daemon Server] - 2023-12-31T07:16:50.254Z - Closed a connection. Number of open connections: 6
[NX Daemon Server] - 2023-12-31T07:16:50.256Z - [REQUEST]: Client Request for Project Graph Received
[NX Daemon Server] - 2023-12-31T07:16:50.256Z - [REQUEST]: Responding to the client. project-graph
[NX Daemon Server] - 2023-12-31T07:16:50.264Z - Time taken for 'total for creating and serializing project graph' 0.2640419006347656ms
[NX Daemon Server] - 2023-12-31T07:16:50.267Z - Done responding to the client project-graph
[NX Daemon Server] - 2023-12-31T07:16:50.267Z - Handled REQUEST_PROJECT_GRAPH. Handling time: 0. Response time: 11.
[NX Daemon Server] - 2023-12-31T07:16:50.272Z - [REQUEST]: Client Request for Project Graph Received
[NX Daemon Server] - 2023-12-31T07:16:50.272Z - [REQUEST]: Responding to the client. project-graph
[NX Daemon Server] - 2023-12-31T07:16:50.278Z - Time taken for 'total for creating and serializing project graph' 0.21279048919677734ms
[NX Daemon Server] - 2023-12-31T07:16:50.280Z - Done responding to the client project-graph
[NX Daemon Server] - 2023-12-31T07:16:50.280Z - Handled REQUEST_PROJECT_GRAPH. Handling time: 0. Response time: 8.
[NX Daemon Server] - 2023-12-31T07:16:50.863Z - [WATCHER]: Processing file changes in outputs
[NX Daemon Server] - 2023-12-31T07:16:52.705Z - [WATCHER]: Processing file changes in outputs
[NX Daemon Server] - 2023-12-31T07:16:54.830Z - [WATCHER]: Processing file changes in outputs
[NX Daemon Server] - 2023-12-31T07:16:54.997Z - [WATCHER]: Processing file changes in outputs
[NX Daemon Server] - 2023-12-31T07:16:55.014Z - [REQUEST]: Responding to the client. recordOutputsHash
[NX Daemon Server] - 2023-12-31T07:16:55.015Z - Done responding to the client recordOutputsHash
[NX Daemon Server] - 2023-12-31T07:16:55.015Z - Handled RECORD_OUTPUTS_HASH. Handling time: 1. Response time: 1.
[NX Daemon Server] - 2023-12-31T07:16:55.015Z - Closed a connection. Number of open connections: 5
[NX Daemon Server] - 2023-12-31T07:16:55.019Z - Closed a connection. Number of open connections: 4
[NX Daemon Server] - 2023-12-31T07:16:55.062Z - [WATCHER]: Processing file changes in outputs
[NX Daemon Server] - 2023-12-31T07:17:02.740Z - Closed a connection. Number of open connections: 3
[NX Daemon Server] - 2023-12-31T07:17:02.771Z - Closed a connection. Number of open connections: 2
[NX Daemon Server] - 2023-12-31T07:17:04.428Z - Established a connection. Number of open connections: 3
[NX Daemon Server] - 2023-12-31T07:17:04.429Z - Closed a connection. Number of open connections: 2
[NX Daemon Server] - 2023-12-31T07:17:04.429Z - Established a connection. Number of open connections: 3
[NX Daemon Server] - 2023-12-31T07:17:04.431Z - [REQUEST]: Client Request for Project Graph Received
[NX Daemon Server] - 2023-12-31T07:17:04.431Z - [REQUEST]: Responding to the client. project-graph
[NX Daemon Server] - 2023-12-31T07:17:04.439Z - Time taken for 'total for creating and serializing project graph' 0.21391677856445312ms
[NX Daemon Server] - 2023-12-31T07:17:04.442Z - Done responding to the client project-graph
[NX Daemon Server] - 2023-12-31T07:17:04.442Z - Handled REQUEST_PROJECT_GRAPH. Handling time: 0. Response time: 11.
[NX Daemon Server] - 2023-12-31T07:17:04.464Z - [REQUEST]: Responding to the client. handleHashTasks
[NX Daemon Server] - 2023-12-31T07:17:04.464Z - Done responding to the client handleHashTasks
[NX Daemon Server] - 2023-12-31T07:17:04.464Z - Handled HASH_TASKS. Handling time: 12. Response time: 0.
[NX Daemon Server] - 2023-12-31T07:17:04.612Z - Established a connection. Number of open connections: 4
[NX Daemon Server] - 2023-12-31T07:17:04.613Z - Established a connection. Number of open connections: 5
[NX Daemon Server] - 2023-12-31T07:17:04.614Z - Closed a connection. Number of open connections: 4
[NX Daemon Server] - 2023-12-31T07:17:04.616Z - [REQUEST]: Client Request for Project Graph Received
[NX Daemon Server] - 2023-12-31T07:17:04.616Z - [REQUEST]: Responding to the client. project-graph
[NX Daemon Server] - 2023-12-31T07:17:04.624Z - Time taken for 'total for creating and serializing project graph' 0.27762508392333984ms
[NX Daemon Server] - 2023-12-31T07:17:04.627Z - Done responding to the client project-graph
[NX Daemon Server] - 2023-12-31T07:17:04.627Z - Handled REQUEST_PROJECT_GRAPH. Handling time: 0. Response time: 11.
[NX Daemon Server] - 2023-12-31T07:17:04.632Z - [REQUEST]: Client Request for Project Graph Received
[NX Daemon Server] - 2023-12-31T07:17:04.632Z - [REQUEST]: Responding to the client. project-graph
[NX Daemon Server] - 2023-12-31T07:17:04.636Z - Time taken for 'total for creating and serializing project graph' 0.17479228973388672ms
[NX Daemon Server] - 2023-12-31T07:17:04.639Z - Done responding to the client project-graph
[NX Daemon Server] - 2023-12-31T07:17:04.639Z - Handled REQUEST_PROJECT_GRAPH. Handling time: 1. Response time: 7.
